  [1m[35m (0.1ms)[0m  [1m[34mSELECT sqlite_version(*)[0m
  â†³ bin/rails:9
  [1m[35m (2.4ms)[0m  [1m[35mCREATE TABLE "schema_migrations" ("version" varchar NOT NULL PRIMARY KEY)[0m
  â†³ bin/rails:9
  [1m[35m (2.3ms)[0m  [1m[35mCREATE TABLE "ar_internal_metadata" ("key" varchar NOT NULL PRIMARY KEY, "value" varchar, "created_at" datetime NOT NULL, "updated_at" datetime NOT NULL)[0m
  â†³ bin/rails:9
  [1m[35m (0.2ms)[0m  [1m[34mSELECT "schema_migrations"."version" FROM "schema_migrations" ORDER BY "schema_migrations"."version" ASC[0m
  â†³ bin/rails:9
Migrating to CreateQuestions (20190728081308)
  [1m[35m (0.1ms)[0m  [1m[36mbegin transaction[0m
  â†³ bin/rails:9
  [1m[35m (0.5ms)[0m  [1m[35mCREATE TABLE "questions" ("id" integer PRIMARY KEY AUTOINCREMENT NOT NULL, "family_name" varchar, "first_name" varchar, "family_kana" varchar, "first_kana" varchar, "phone" varchar, "email" varchar, "content" text, "agreement" boolean, "created_at" datetime NOT NULL, "updated_at" datetime NOT NULL)[0m
  â†³ db/migrate/20190728081308_create_questions.rb:3
  [1m[36mActiveRecord::SchemaMigration Create (0.3ms)[0m  [1m[32mINSERT INTO "schema_migrations" ("version") VALUES (?)[0m  [["version", "20190728081308"]]
  â†³ bin/rails:9
  [1m[35m (1.9ms)[0m  [1m[36mcommit transaction[0m
  â†³ bin/rails:9
Migrating to CreateMeetingEntries (20190728081408)
  [1m[35m (0.1ms)[0m  [1m[36mbegin transaction[0m
  â†³ bin/rails:9
  [1m[35m (1.8ms)[0m  [1m[35mCREATE TABLE "meeting_entries" ("id" integer PRIMARY KEY AUTOINCREMENT NOT NULL, "meeting_date_id" integer, "family_name" varchar, "first_name" varchar, "family_kana" varchar, "first_kana" varchar, "phone" varchar, "email" varchar, "purpose" text, "note" text, "agreement" boolean, "created_at" datetime NOT NULL, "updated_at" datetime NOT NULL, CONSTRAINT "fk_rails_1a7eb6bc75"
FOREIGN KEY ("meeting_date_id")
  REFERENCES "meeting_ids" ("id")
)[0m
  â†³ db/migrate/20190728081408_create_meeting_entries.rb:3
  [1m[35m (0.2ms)[0m  [1m[35mCREATE  INDEX "index_meeting_entries_on_meeting_date_id" ON "meeting_entries" ("meeting_date_id")[0m
  â†³ db/migrate/20190728081408_create_meeting_entries.rb:3
  [1m[36mActiveRecord::SchemaMigration Create (0.3ms)[0m  [1m[32mINSERT INTO "schema_migrations" ("version") VALUES (?)[0m  [["version", "20190728081408"]]
  â†³ bin/rails:9
  [1m[35m (2.0ms)[0m  [1m[36mcommit transaction[0m
  â†³ bin/rails:9
Migrating to CreateMeetings (20190728081450)
  [1m[35m (0.1ms)[0m  [1m[36mbegin transaction[0m
  â†³ bin/rails:9
  [1m[35m (0.6ms)[0m  [1m[35mCREATE TABLE "meetings" ("id" integer PRIMARY KEY AUTOINCREMENT NOT NULL, "created_at" datetime NOT NULL, "updated_at" datetime NOT NULL)[0m
  â†³ db/migrate/20190728081450_create_meetings.rb:3
  [1m[36mActiveRecord::SchemaMigration Create (0.2ms)[0m  [1m[32mINSERT INTO "schema_migrations" ("version") VALUES (?)[0m  [["version", "20190728081450"]]
  â†³ bin/rails:9
  [1m[35m (1.8ms)[0m  [1m[36mcommit transaction[0m
  â†³ bin/rails:9
  [1m[36mActiveRecord::InternalMetadata Load (1.6ms)[0m  [1m[34mSELECT  "ar_internal_metadata".* FROM "ar_internal_metadata" WHERE "ar_internal_metadata"."key" = ? LIMIT ?[0m  [["key", "environment"], ["LIMIT", 1]]
  â†³ bin/rails:9
  [1m[35m (0.1ms)[0m  [1m[36mbegin transaction[0m
  â†³ bin/rails:9
  [1m[36mActiveRecord::InternalMetadata Create (0.4ms)[0m  [1m[32mINSERT INTO "ar_internal_metadata" ("key", "value", "created_at", "updated_at") VALUES (?, ?, ?, ?)[0m  [["key", "environment"], ["value", "development"], ["created_at", "2019-07-28 08:15:28.086472"], ["updated_at", "2019-07-28 08:15:28.086472"]]
  â†³ bin/rails:9
  [1m[35m (2.0ms)[0m  [1m[36mcommit transaction[0m
  â†³ bin/rails:9
  [1m[35m (0.2ms)[0m  [1m[34mSELECT "schema_migrations"."version" FROM "schema_migrations" ORDER BY "schema_migrations"."version" ASC[0m
  â†³ bin/rails:9
Started GET "/question/new" for ::1 at 2019-07-28 17:17:59 +0900
  [1m[35m (1.4ms)[0m  [1m[34mSELECT "schema_migrations"."version" FROM "schema_migrations" ORDER BY "schema_migrations"."version" ASC[0m
  â†³ /Users/ikedamasayuki/.rbenv/versions/2.4.1/lib/ruby/gems/2.4.0/gems/activerecord-5.2.3/lib/active_record/log_subscriber.rb:98
  
ActionController::RoutingError (No route matches [GET] "/question/new"):
  
actionpack (5.2.3) lib/action_dispatch/middleware/debug_exceptions.rb:65:in `call'
web-console (3.7.0) lib/web_console/middleware.rb:135:in `call_app'
web-console (3.7.0) lib/web_console/middleware.rb:30:in `block in call'
web-console (3.7.0) lib/web_console/middleware.rb:20:in `catch'
web-console (3.7.0) lib/web_console/middleware.rb:20:in `call'
actionpack (5.2.3) lib/action_dispatch/middleware/show_exceptions.rb:33:in `call'
railties (5.2.3) lib/rails/rack/logger.rb:38:in `call_app'
railties (5.2.3) lib/rails/rack/logger.rb:26:in `block in call'
activesupport (5.2.3) lib/active_support/tagged_logging.rb:71:in `block in tagged'
activesupport (5.2.3) lib/active_support/tagged_logging.rb:28:in `tagged'
activesupport (5.2.3) lib/active_support/tagged_logging.rb:71:in `tagged'
railties (5.2.3) lib/rails/rack/logger.rb:26:in `call'
sprockets-rails (3.2.1) lib/sprockets/rails/quiet_assets.rb:13:in `call'
actionpack (5.2.3) lib/action_dispatch/middleware/remote_ip.rb:81:in `call'
actionpack (5.2.3) lib/action_dispatch/middleware/request_id.rb:27:in `call'
rack (2.0.7) lib/rack/method_override.rb:22:in `call'
rack (2.0.7) lib/rack/runtime.rb:22:in `call'
activesupport (5.2.3) lib/active_support/cache/strategy/local_cache_middleware.rb:29:in `call'
actionpack (5.2.3) lib/action_dispatch/middleware/executor.rb:14:in `call'
actionpack (5.2.3) lib/action_dispatch/middleware/static.rb:127:in `call'
rack (2.0.7) lib/rack/sendfile.rb:111:in `call'
railties (5.2.3) lib/rails/engine.rb:524:in `call'
puma (3.12.1) lib/puma/configuration.rb:227:in `call'
puma (3.12.1) lib/puma/server.rb:660:in `handle_request'
puma (3.12.1) lib/puma/server.rb:474:in `process_client'
puma (3.12.1) lib/puma/server.rb:334:in `block in run'
puma (3.12.1) lib/puma/thread_pool.rb:135:in `block in spawn_thread'
Started GET "/questions/new" for ::1 at 2019-07-28 17:19:58 +0900
Processing by QuestionsController#new as HTML
  Rendering questions/new.html.erb within layouts/application
  Rendered questions/_form.html.erb (58.3ms)
  Rendered questions/new.html.erb within layouts/application (63.1ms)
Completed 200 OK in 1072ms (Views: 1040.2ms | ActiveRecord: 1.8ms)


Started GET "/meeting_entries/new" for ::1 at 2019-07-28 17:21:46 +0900
Processing by MeetingEntriesController#new as HTML
  Rendering meeting_entries/new.html.erb within layouts/application
  Rendered meeting_entries/_form.html.erb (14.2ms)
  Rendered meeting_entries/new.html.erb within layouts/application (22.4ms)
Completed 200 OK in 140ms (Views: 96.1ms | ActiveRecord: 1.6ms)


Started GET "/meeting_entries/show" for ::1 at 2019-07-28 17:23:42 +0900
Processing by MeetingEntriesController#show as HTML
  Parameters: {"id"=>"show"}
  [1m[36mMeetingEntry Load (1.9ms)[0m  [1m[34mSELECT  "meeting_entries".* FROM "meeting_entries" WHERE "meeting_entries"."id" = ? LIMIT ?[0m  [["id", 0], ["LIMIT", 1]]
  â†³ app/controllers/meeting_entries_controller.rb:67
Completed 404 Not Found in 18ms (ActiveRecord: 1.9ms)


  
ActiveRecord::RecordNotFound (Couldn't find MeetingEntry with 'id'=show):
  
app/controllers/meeting_entries_controller.rb:67:in `set_meeting_entry'
Started GET "/meeting_entries/edit" for ::1 at 2019-07-28 17:23:53 +0900
Processing by MeetingEntriesController#show as HTML
  Parameters: {"id"=>"edit"}
  [1m[36mMeetingEntry Load (0.3ms)[0m  [1m[34mSELECT  "meeting_entries".* FROM "meeting_entries" WHERE "meeting_entries"."id" = ? LIMIT ?[0m  [["id", 0], ["LIMIT", 1]]
  â†³ app/controllers/meeting_entries_controller.rb:67
Completed 404 Not Found in 3ms (ActiveRecord: 0.3ms)


  
ActiveRecord::RecordNotFound (Couldn't find MeetingEntry with 'id'=edit):
  
app/controllers/meeting_entries_controller.rb:67:in `set_meeting_entry'
Started GET "/meeting_entries/index" for ::1 at 2019-07-28 17:24:04 +0900
Processing by MeetingEntriesController#show as HTML
  Parameters: {"id"=>"index"}
  [1m[36mMeetingEntry Load (0.4ms)[0m  [1m[34mSELECT  "meeting_entries".* FROM "meeting_entries" WHERE "meeting_entries"."id" = ? LIMIT ?[0m  [["id", 0], ["LIMIT", 1]]
  â†³ app/controllers/meeting_entries_controller.rb:67
Completed 404 Not Found in 4ms (ActiveRecord: 0.4ms)


  
ActiveRecord::RecordNotFound (Couldn't find MeetingEntry with 'id'=index):
  
app/controllers/meeting_entries_controller.rb:67:in `set_meeting_entry'
Started GET "/meeting_entries/new" for ::1 at 2019-07-28 17:24:08 +0900
Processing by MeetingEntriesController#new as HTML
  Rendering meeting_entries/new.html.erb within layouts/application
  Rendered meeting_entries/_form.html.erb (4.2ms)
  Rendered meeting_entries/new.html.erb within layouts/application (6.5ms)
Completed 200 OK in 41ms (Views: 36.2ms | ActiveRecord: 0.0ms)


Started GET "/meeting_entries/form" for ::1 at 2019-07-28 17:24:16 +0900
Processing by MeetingEntriesController#show as HTML
  Parameters: {"id"=>"form"}
  [1m[36mMeetingEntry Load (0.3ms)[0m  [1m[34mSELECT  "meeting_entries".* FROM "meeting_entries" WHERE "meeting_entries"."id" = ? LIMIT ?[0m  [["id", 0], ["LIMIT", 1]]
  â†³ app/controllers/meeting_entries_controller.rb:67
Completed 404 Not Found in 3ms (ActiveRecord: 0.3ms)


  
ActiveRecord::RecordNotFound (Couldn't find MeetingEntry with 'id'=form):
  
app/controllers/meeting_entries_controller.rb:67:in `set_meeting_entry'
Started GET "/meeting_entries/new" for ::1 at 2019-07-28 17:24:21 +0900
Processing by MeetingEntriesController#new as HTML
  Rendering meeting_entries/new.html.erb within layouts/application
  Rendered meeting_entries/_form.html.erb (6.1ms)
  Rendered meeting_entries/new.html.erb within layouts/application (10.7ms)
Completed 200 OK in 91ms (Views: 86.3ms | ActiveRecord: 0.0ms)


  [1m[35m (1.5ms)[0m  [1m[34mSELECT "schema_migrations"."version" FROM "schema_migrations" ORDER BY "schema_migrations"."version" ASC[0m
  â†³ bin/rails:9
Migrating to DeviseCreateAdminUsers (20190728084448)
  [1m[35m (0.1ms)[0m  [1m[36mbegin transaction[0m
  â†³ bin/rails:9
  [1m[35m (0.1ms)[0m  [1m[34mSELECT sqlite_version(*)[0m
  â†³ db/migrate/20190728084448_devise_create_admin_users.rb:5
  [1m[35m (0.6ms)[0m  [1m[35mCREATE TABLE "admin_users" ("id" integer PRIMARY KEY AUTOINCREMENT NOT NULL, "email" varchar DEFAULT '' NOT NULL, "encrypted_password" varchar DEFAULT '' NOT NULL, "reset_password_token" varchar, "reset_password_sent_at" datetime, "remember_created_at" datetime, "created_at" datetime NOT NULL, "updated_at" datetime NOT NULL)[0m
  â†³ db/migrate/20190728084448_devise_create_admin_users.rb:5
  [1m[35m (0.1ms)[0m  [1m[35mCREATE UNIQUE INDEX "index_admin_users_on_email" ON "admin_users" ("email")[0m
  â†³ db/migrate/20190728084448_devise_create_admin_users.rb:39
  [1m[35m (0.1ms)[0m  [1m[35mCREATE UNIQUE INDEX "index_admin_users_on_reset_password_token" ON "admin_users" ("reset_password_token")[0m
  â†³ db/migrate/20190728084448_devise_create_admin_users.rb:40
  [1m[36mActiveRecord::SchemaMigration Create (1.5ms)[0m  [1m[32mINSERT INTO "schema_migrations" ("version") VALUES (?)[0m  [["version", "20190728084448"]]
  â†³ bin/rails:9
  [1m[35m (1.9ms)[0m  [1m[36mcommit transaction[0m
  â†³ bin/rails:9
Migrating to CreateActiveAdminComments (20190728084452)
  [1m[35m (0.1ms)[0m  [1m[36mbegin transaction[0m
  â†³ bin/rails:9
  [1m[35m (0.6ms)[0m  [1m[35mCREATE TABLE "active_admin_comments" ("id" integer PRIMARY KEY AUTOINCREMENT NOT NULL, "namespace" varchar, "body" text, "resource_type" varchar, "resource_id" integer, "author_type" varchar, "author_id" integer, "created_at" datetime NOT NULL, "updated_at" datetime NOT NULL)[0m
  â†³ db/migrate/20190728084452_create_active_admin_comments.rb:3
  [1m[35m (0.1ms)[0m  [1m[35mCREATE  INDEX "index_active_admin_comments_on_resource_type_and_resource_id" ON "active_admin_comments" ("resource_type", "resource_id")[0m
  â†³ db/migrate/20190728084452_create_active_admin_comments.rb:3
  [1m[35m (0.1ms)[0m  [1m[35mCREATE  INDEX "index_active_admin_comments_on_author_type_and_author_id" ON "active_admin_comments" ("author_type", "author_id")[0m
  â†³ db/migrate/20190728084452_create_active_admin_comments.rb:3
  [1m[35m (0.1ms)[0m  [1m[35mCREATE  INDEX "index_active_admin_comments_on_namespace" ON "active_admin_comments" ("namespace")[0m
  â†³ db/migrate/20190728084452_create_active_admin_comments.rb:10
  [1m[36mActiveRecord::SchemaMigration Create (0.2ms)[0m  [1m[32mINSERT INTO "schema_migrations" ("version") VALUES (?)[0m  [["version", "20190728084452"]]
  â†³ bin/rails:9
  [1m[35m (1.9ms)[0m  [1m[36mcommit transaction[0m
  â†³ bin/rails:9
  [1m[36mActiveRecord::InternalMetadata Load (1.8ms)[0m  [1m[34mSELECT  "ar_internal_metadata".* FROM "ar_internal_metadata" WHERE "ar_internal_metadata"."key" = ? LIMIT ?[0m  [["key", "environment"], ["LIMIT", 1]]
  â†³ bin/rails:9
  [1m[35m (0.1ms)[0m  [1m[36mbegin transaction[0m
  â†³ bin/rails:9
  [1m[35m (0.1ms)[0m  [1m[36mcommit transaction[0m
  â†³ bin/rails:9
  [1m[35m (0.4ms)[0m  [1m[34mSELECT "schema_migrations"."version" FROM "schema_migrations" ORDER BY "schema_migrations"."version" ASC[0m
  â†³ bin/rails:9
  [1m[35m (1.4ms)[0m  [1m[34mSELECT "schema_migrations"."version" FROM "schema_migrations" ORDER BY "schema_migrations"."version" ASC[0m
  â†³ bin/rails:9
  [1m[35m (0.1ms)[0m  [1m[36mbegin transaction[0m
  â†³ db/seeds.rb:8
  [1m[36mAdminUser Exists (1.5ms)[0m  [1m[34mSELECT  1 AS one FROM "admin_users" WHERE "admin_users"."email" = ? LIMIT ?[0m  [["email", "admin@example.com"], ["LIMIT", 1]]
  â†³ db/seeds.rb:8
  [1m[36mAdminUser Create (1.9ms)[0m  [1m[32mINSERT INTO "admin_users" ("email", "encrypted_password", "created_at", "updated_at") VALUES (?, ?, ?, ?)[0m  [["email", "admin@example.com"], ["encrypted_password", "$2a$11$bPY3vqRa/R4mJ7sphfA1Zex7kIRjMB83jUlAQiqkZTK0zHzrqQMf."], ["created_at", "2019-07-28 08:48:22.692946"], ["updated_at", "2019-07-28 08:48:22.692946"]]
  â†³ db/seeds.rb:8
  [1m[35m (1.7ms)[0m  [1m[36mcommit transaction[0m
  â†³ db/seeds.rb:8
Started GET "/admin" for ::1 at 2019-07-28 17:48:45 +0900
  
NameError (uninitialized constant ActiveAdmin):
  
config/routes.rb:2:in `block in <main>'
config/routes.rb:1:in `<main>'
Started GET "/admin" for 127.0.0.1 at 2019-07-28 18:01:33 +0900
  [1m[35m (1.8ms)[0m  [1m[34mSELECT "schema_migrations"."version" FROM "schema_migrations" ORDER BY "schema_migrations"."version" ASC[0m
  â†³ /Users/ikedamasayuki/.rbenv/versions/2.4.1/lib/ruby/gems/2.4.0/gems/activerecord-5.2.3/lib/active_record/log_subscriber.rb:98
Processing by Admin::DashboardController#index as HTML
Completed 401 Unauthorized in 46ms (ActiveRecord: 0.0ms)


Started GET "/admin/login" for 127.0.0.1 at 2019-07-28 18:01:33 +0900
Processing by ActiveAdmin::Devise::SessionsController#new as HTML
  Rendering /Users/ikedamasayuki/.rbenv/versions/2.4.1/lib/ruby/gems/2.4.0/gems/activeadmin-2.2.0/app/views/active_admin/devise/sessions/new.html.erb within layouts/active_admin_logged_out
  Rendered /Users/ikedamasayuki/.rbenv/versions/2.4.1/lib/ruby/gems/2.4.0/gems/activeadmin-2.2.0/app/views/active_admin/devise/shared/_links.erb (1.7ms)
  Rendered /Users/ikedamasayuki/.rbenv/versions/2.4.1/lib/ruby/gems/2.4.0/gems/activeadmin-2.2.0/app/views/active_admin/devise/sessions/new.html.erb within layouts/active_admin_logged_out (235.5ms)
Completed 200 OK in 8900ms (Views: 8829.7ms | ActiveRecord: 1.9ms)


  [1m[35m (1.5ms)[0m  [1m[34mSELECT "schema_migrations"."version" FROM "schema_migrations" ORDER BY "schema_migrations"."version" ASC[0m
  â†³ bin/rails:9
  [1m[36mActiveRecord::InternalMetadata Load (1.7ms)[0m  [1m[34mSELECT  "ar_internal_metadata".* FROM "ar_internal_metadata" WHERE "ar_internal_metadata"."key" = ? LIMIT ?[0m  [["key", "environment"], ["LIMIT", 1]]
  â†³ bin/rails:9
  [1m[35m (0.1ms)[0m  [1m[36mbegin transaction[0m
  â†³ bin/rails:9
  [1m[35m (0.1ms)[0m  [1m[36mcommit transaction[0m
  â†³ bin/rails:9
  [1m[35m (0.2ms)[0m  [1m[34mSELECT "schema_migrations"."version" FROM "schema_migrations" ORDER BY "schema_migrations"."version" ASC[0m
  â†³ bin/rails:9
  [1m[35m (0.2ms)[0m  [1m[34mSELECT "schema_migrations"."version" FROM "schema_migrations" ORDER BY "schema_migrations"."version" ASC[0m
  â†³ bin/rails:9
  [1m[35m (0.1ms)[0m  [1m[36mbegin transaction[0m
  â†³ db/seeds.rb:8
  [1m[36mAdminUser Exists (1.3ms)[0m  [1m[34mSELECT  1 AS one FROM "admin_users" WHERE "admin_users"."email" = ? LIMIT ?[0m  [["email", "masayuki.0927.ikeda@gmail.com"], ["LIMIT", 1]]
  â†³ db/seeds.rb:8
  [1m[36mAdminUser Create (3.2ms)[0m  [1m[32mINSERT INTO "admin_users" ("email", "encrypted_password", "created_at", "updated_at") VALUES (?, ?, ?, ?)[0m  [["email", "masayuki.0927.ikeda@gmail.com"], ["encrypted_password", "$2a$11$0im4j4dtoZpA9cR/BXb6/OlFGpnKJEW0IXMPEtKVVGYFLMyTLpT72"], ["created_at", "2019-07-28 09:17:19.780812"], ["updated_at", "2019-07-28 09:17:19.780812"]]
  â†³ db/seeds.rb:8
  [1m[35m (2.9ms)[0m  [1m[36mcommit transaction[0m
  â†³ db/seeds.rb:8
Started GET "/admin" for ::1 at 2019-07-28 18:17:40 +0900
Processing by Admin::DashboardController#index as HTML
Completed 401 Unauthorized in 6ms (ActiveRecord: 0.0ms)


Started GET "/admin/login" for ::1 at 2019-07-28 18:17:40 +0900
Processing by ActiveAdmin::Devise::SessionsController#new as HTML
  Rendering /Users/ikedamasayuki/.rbenv/versions/2.4.1/lib/ruby/gems/2.4.0/gems/activeadmin-2.2.0/app/views/active_admin/devise/sessions/new.html.erb within layouts/active_admin_logged_out
  Rendered /Users/ikedamasayuki/.rbenv/versions/2.4.1/lib/ruby/gems/2.4.0/gems/activeadmin-2.2.0/app/views/active_admin/devise/shared/_links.erb (1.2ms)
  Rendered /Users/ikedamasayuki/.rbenv/versions/2.4.1/lib/ruby/gems/2.4.0/gems/activeadmin-2.2.0/app/views/active_admin/devise/sessions/new.html.erb within layouts/active_admin_logged_out (36.2ms)
Completed 200 OK in 336ms (Views: 302.6ms | ActiveRecord: 0.7ms)


Started POST "/admin/login" for ::1 at 2019-07-28 18:17:53 +0900
Processing by ActiveAdmin::Devise::SessionsController#create as HTML
  Parameters: {"utf8"=>"âœ“", "authenticity_token"=>"PIBIJXUryiuilvjA0EjTlpFqa+ODt5EHH4UhPNe1eJfm37eTWJ8MNh082UTySGmlzed69Fhlk0Nn5R6KNFfJDg==", "admin_user"=>{"email"=>"masayuki.0927.ikeda@gmail.com", "password"=>"[FILTERED]", "remember_me"=>"0"}, "commit"=>"Login"}
  [1m[36mAdminUser Load (0.4ms)[0m  [1m[34mSELECT  "admin_users".* FROM "admin_users" WHERE "admin_users"."email" = ? ORDER BY "admin_users"."id" ASC LIMIT ?[0m  [["email", "masayuki.0927.ikeda@gmail.com"], ["LIMIT", 1]]
  â†³ /Users/ikedamasayuki/.rbenv/versions/2.4.1/lib/ruby/gems/2.4.0/gems/activerecord-5.2.3/lib/active_record/log_subscriber.rb:98
Redirected to http://localhost:3000/admin
Completed 302 Found in 311ms (ActiveRecord: 0.4ms)


Started GET "/admin" for ::1 at 2019-07-28 18:17:54 +0900
Processing by Admin::DashboardController#index as HTML
  [1m[36mAdminUser Load (0.3ms)[0m  [1m[34mSELECT  "admin_users".* FROM "admin_users" WHERE "admin_users"."id" = ? ORDER BY "admin_users"."id" ASC LIMIT ?[0m  [["id", 2], ["LIMIT", 1]]
  â†³ /Users/ikedamasayuki/.rbenv/versions/2.4.1/lib/ruby/gems/2.4.0/gems/activerecord-5.2.3/lib/active_record/log_subscriber.rb:98
  Rendering /Users/ikedamasayuki/.rbenv/versions/2.4.1/lib/ruby/gems/2.4.0/gems/activeadmin-2.2.0/app/views/active_admin/page/index.html.arb
  Rendered /Users/ikedamasayuki/.rbenv/versions/2.4.1/lib/ruby/gems/2.4.0/gems/activeadmin-2.2.0/app/views/active_admin/page/index.html.arb (210.1ms)
Completed 200 OK in 231ms (Views: 222.0ms | ActiveRecord: 0.3ms)


  [1m[35m (0.3ms)[0m  [1m[34mSELECT "schema_migrations"."version" FROM "schema_migrations" ORDER BY "schema_migrations"."version" ASC[0m
  â†³ bin/rails:9
Migrating to CreateAuthors (20190728092250)
  [1m[35m (0.1ms)[0m  [1m[36mbegin transaction[0m
  â†³ bin/rails:9
  [1m[35m (0.1ms)[0m  [1m[34mSELECT sqlite_version(*)[0m
  â†³ db/migrate/20190728092250_create_authors.rb:3
  [1m[35m (0.6ms)[0m  [1m[35mCREATE TABLE "authors" ("id" integer PRIMARY KEY AUTOINCREMENT NOT NULL, "name" varchar, "created_at" datetime NOT NULL, "updated_at" datetime NOT NULL)[0m
  â†³ db/migrate/20190728092250_create_authors.rb:3
  [1m[36mActiveRecord::SchemaMigration Create (0.2ms)[0m  [1m[32mINSERT INTO "schema_migrations" ("version") VALUES (?)[0m  [["version", "20190728092250"]]
  â†³ bin/rails:9
  [1m[35m (1.8ms)[0m  [1m[36mcommit transaction[0m
  â†³ bin/rails:9
  [1m[36mActiveRecord::InternalMetadata Load (0.2ms)[0m  [1m[34mSELECT  "ar_internal_metadata".* FROM "ar_internal_metadata" WHERE "ar_internal_metadata"."key" = ? LIMIT ?[0m  [["key", "environment"], ["LIMIT", 1]]
  â†³ bin/rails:9
  [1m[35m (0.1ms)[0m  [1m[36mbegin transaction[0m
  â†³ bin/rails:9
  [1m[35m (0.1ms)[0m  [1m[36mcommit transaction[0m
  â†³ bin/rails:9
  [1m[35m (0.5ms)[0m  [1m[34mSELECT "schema_migrations"."version" FROM "schema_migrations" ORDER BY "schema_migrations"."version" ASC[0m
  â†³ bin/rails:9
Started GET "/admin" for ::1 at 2019-07-28 18:23:48 +0900
  [1m[35m (0.3ms)[0m  [1m[34mSELECT "schema_migrations"."version" FROM "schema_migrations" ORDER BY "schema_migrations"."version" ASC[0m
  â†³ /Users/ikedamasayuki/.rbenv/versions/2.4.1/lib/ruby/gems/2.4.0/gems/activerecord-5.2.3/lib/active_record/log_subscriber.rb:98
Processing by Admin::DashboardController#index as HTML
  [1m[36mAdminUser Load (0.2ms)[0m  [1m[34mSELECT  "admin_users".* FROM "admin_users" WHERE "admin_users"."id" = ? ORDER BY "admin_users"."id" ASC LIMIT ?[0m  [["id", 2], ["LIMIT", 1]]
  â†³ /Users/ikedamasayuki/.rbenv/versions/2.4.1/lib/ruby/gems/2.4.0/gems/activerecord-5.2.3/lib/active_record/log_subscriber.rb:98
  Rendering /Users/ikedamasayuki/.rbenv/versions/2.4.1/lib/ruby/gems/2.4.0/gems/activeadmin-2.2.0/app/views/active_admin/page/index.html.arb
  Rendered /Users/ikedamasayuki/.rbenv/versions/2.4.1/lib/ruby/gems/2.4.0/gems/activeadmin-2.2.0/app/views/active_admin/page/index.html.arb (195.9ms)
Completed 200 OK in 232ms (Views: 213.5ms | ActiveRecord: 1.0ms)


Started GET "/admin/authors" for ::1 at 2019-07-28 18:23:49 +0900
Processing by Admin::AuthorsController#index as HTML
  [1m[36mAdminUser Load (0.3ms)[0m  [1m[34mSELECT  "admin_users".* FROM "admin_users" WHERE "admin_users"."id" = ? ORDER BY "admin_users"."id" ASC LIMIT ?[0m  [["id", 2], ["LIMIT", 1]]
  â†³ /Users/ikedamasayuki/.rbenv/versions/2.4.1/lib/ruby/gems/2.4.0/gems/activerecord-5.2.3/lib/active_record/log_subscriber.rb:98
  Rendering /Users/ikedamasayuki/.rbenv/versions/2.4.1/lib/ruby/gems/2.4.0/gems/activeadmin-2.2.0/app/views/active_admin/resource/index.html.arb
  [1m[35m (0.4ms)[0m  [1m[34mSELECT COUNT(*) FROM (SELECT  1 AS one FROM "authors" LIMIT ? OFFSET ?) subquery_for_count[0m  [["LIMIT", 30], ["OFFSET", 0]]
  â†³ /Users/ikedamasayuki/.rbenv/versions/2.4.1/lib/ruby/gems/2.4.0/gems/activerecord-5.2.3/lib/active_record/log_subscriber.rb:98
  Rendered /Users/ikedamasayuki/.rbenv/versions/2.4.1/lib/ruby/gems/2.4.0/gems/activeadmin-2.2.0/app/views/active_admin/resource/index.html.arb (240.4ms)
Completed 200 OK in 272ms (Views: 260.5ms | ActiveRecord: 1.6ms)


Started GET "/admin/authors" for ::1 at 2019-07-28 18:25:07 +0900
Processing by Admin::AuthorsController#index as HTML
  [1m[36mAdminUser Load (0.2ms)[0m  [1m[34mSELECT  "admin_users".* FROM "admin_users" WHERE "admin_users"."id" = ? ORDER BY "admin_users"."id" ASC LIMIT ?[0m  [["id", 2], ["LIMIT", 1]]
  â†³ /Users/ikedamasayuki/.rbenv/versions/2.4.1/lib/ruby/gems/2.4.0/gems/activerecord-5.2.3/lib/active_record/log_subscriber.rb:98
  Rendering /Users/ikedamasayuki/.rbenv/versions/2.4.1/lib/ruby/gems/2.4.0/gems/activeadmin-2.2.0/app/views/active_admin/resource/index.html.arb
  [1m[35m (0.4ms)[0m  [1m[34mSELECT COUNT(*) FROM (SELECT  1 AS one FROM "authors" LIMIT ? OFFSET ?) subquery_for_count[0m  [["LIMIT", 30], ["OFFSET", 0]]
  â†³ /Users/ikedamasayuki/.rbenv/versions/2.4.1/lib/ruby/gems/2.4.0/gems/activerecord-5.2.3/lib/active_record/log_subscriber.rb:98
  Rendered /Users/ikedamasayuki/.rbenv/versions/2.4.1/lib/ruby/gems/2.4.0/gems/activeadmin-2.2.0/app/views/active_admin/resource/index.html.arb (282.0ms)
Completed 200 OK in 348ms (Views: 312.8ms | ActiveRecord: 2.9ms)


Started GET "/admin/authors" for ::1 at 2019-07-28 18:30:01 +0900
  [1m[35m (0.3ms)[0m  [1m[34mSELECT "schema_migrations"."version" FROM "schema_migrations" ORDER BY "schema_migrations"."version" ASC[0m
  â†³ /Users/ikedamasayuki/.rbenv/versions/2.4.1/lib/ruby/gems/2.4.0/gems/activerecord-5.2.3/lib/active_record/log_subscriber.rb:98
  
ActiveRecord::PendingMigrationError (

Migrations are pending. To resolve this issue, run:

        bin/rails db:migrate RAILS_ENV=development

):
  
activerecord (5.2.3) lib/active_record/migration.rb:579:in `check_pending!'
activerecord (5.2.3) lib/active_record/migration.rb:556:in `call'
actionpack (5.2.3) lib/action_dispatch/middleware/callbacks.rb:28:in `block in call'
activesupport (5.2.3) lib/active_support/callbacks.rb:98:in `run_callbacks'
actionpack (5.2.3) lib/action_dispatch/middleware/callbacks.rb:26:in `call'
actionpack (5.2.3) lib/action_dispatch/middleware/executor.rb:14:in `call'
actionpack (5.2.3) lib/action_dispatch/middleware/debug_exceptions.rb:61:in `call'
web-console (3.7.0) lib/web_console/middleware.rb:135:in `call_app'
web-console (3.7.0) lib/web_console/middleware.rb:30:in `block in call'
web-console (3.7.0) lib/web_console/middleware.rb:20:in `catch'
web-console (3.7.0) lib/web_console/middleware.rb:20:in `call'
actionpack (5.2.3) lib/action_dispatch/middleware/show_exceptions.rb:33:in `call'
railties (5.2.3) lib/rails/rack/logger.rb:38:in `call_app'
railties (5.2.3) lib/rails/rack/logger.rb:26:in `block in call'
activesupport (5.2.3) lib/active_support/tagged_logging.rb:71:in `block in tagged'
activesupport (5.2.3) lib/active_support/tagged_logging.rb:28:in `tagged'
activesupport (5.2.3) lib/active_support/tagged_logging.rb:71:in `tagged'
railties (5.2.3) lib/rails/rack/logger.rb:26:in `call'
sprockets-rails (3.2.1) lib/sprockets/rails/quiet_assets.rb:13:in `call'
actionpack (5.2.3) lib/action_dispatch/middleware/remote_ip.rb:81:in `call'
actionpack (5.2.3) lib/action_dispatch/middleware/request_id.rb:27:in `call'
rack (2.0.7) lib/rack/method_override.rb:22:in `call'
rack (2.0.7) lib/rack/runtime.rb:22:in `call'
activesupport (5.2.3) lib/active_support/cache/strategy/local_cache_middleware.rb:29:in `call'
actionpack (5.2.3) lib/action_dispatch/middleware/executor.rb:14:in `call'
actionpack (5.2.3) lib/action_dispatch/middleware/static.rb:127:in `call'
rack (2.0.7) lib/rack/sendfile.rb:111:in `call'
railties (5.2.3) lib/rails/engine.rb:524:in `call'
puma (3.12.1) lib/puma/configuration.rb:227:in `call'
puma (3.12.1) lib/puma/server.rb:660:in `handle_request'
puma (3.12.1) lib/puma/server.rb:474:in `process_client'
puma (3.12.1) lib/puma/server.rb:334:in `block in run'
puma (3.12.1) lib/puma/thread_pool.rb:135:in `block in spawn_thread'
  [1m[35m (0.3ms)[0m  [1m[34mSELECT "schema_migrations"."version" FROM "schema_migrations" ORDER BY "schema_migrations"."version" ASC[0m
  â†³ bin/rails:9
Migrating to CreateBooks (20190728092708)
  [1m[35m (0.1ms)[0m  [1m[36mbegin transaction[0m
  â†³ bin/rails:9
  [1m[35m (0.1ms)[0m  [1m[34mSELECT sqlite_version(*)[0m
  â†³ db/migrate/20190728092708_create_books.rb:3
  [1m[35m (0.6ms)[0m  [1m[35mCREATE TABLE "books" ("id" integer PRIMARY KEY AUTOINCREMENT NOT NULL, "author_id" integer, "title" varchar, "publish_date" date, "created_at" datetime NOT NULL, "updated_at" datetime NOT NULL, CONSTRAINT "fk_rails_53d51ce16a"
FOREIGN KEY ("author_id")
  REFERENCES "authors" ("id")
)[0m
  â†³ db/migrate/20190728092708_create_books.rb:3
  [1m[35m (0.2ms)[0m  [1m[35mCREATE  INDEX "index_books_on_author_id" ON "books" ("author_id")[0m
  â†³ db/migrate/20190728092708_create_books.rb:3
  [1m[36mActiveRecord::SchemaMigration Create (0.2ms)[0m  [1m[32mINSERT INTO "schema_migrations" ("version") VALUES (?)[0m  [["version", "20190728092708"]]
  â†³ bin/rails:9
  [1m[35m (1.9ms)[0m  [1m[36mcommit transaction[0m
  â†³ bin/rails:9
  [1m[36mActiveRecord::InternalMetadata Load (0.2ms)[0m  [1m[34mSELECT  "ar_internal_metadata".* FROM "ar_internal_metadata" WHERE "ar_internal_metadata"."key" = ? LIMIT ?[0m  [["key", "environment"], ["LIMIT", 1]]
  â†³ bin/rails:9
  [1m[35m (0.1ms)[0m  [1m[36mbegin transaction[0m
  â†³ bin/rails:9
  [1m[35m (0.1ms)[0m  [1m[36mcommit transaction[0m
  â†³ bin/rails:9
  [1m[35m (0.3ms)[0m  [1m[34mSELECT "schema_migrations"."version" FROM "schema_migrations" ORDER BY "schema_migrations"."version" ASC[0m
  â†³ bin/rails:9
Started GET "/admin/authors" for ::1 at 2019-07-28 18:30:40 +0900
  [1m[35m (0.3ms)[0m  [1m[34mSELECT "schema_migrations"."version" FROM "schema_migrations" ORDER BY "schema_migrations"."version" ASC[0m
  â†³ /Users/ikedamasayuki/.rbenv/versions/2.4.1/lib/ruby/gems/2.4.0/gems/activerecord-5.2.3/lib/active_record/log_subscriber.rb:98
Processing by Admin::AuthorsController#index as HTML
  [1m[36mAdminUser Load (1.5ms)[0m  [1m[34mSELECT  "admin_users".* FROM "admin_users" WHERE "admin_users"."id" = ? ORDER BY "admin_users"."id" ASC LIMIT ?[0m  [["id", 2], ["LIMIT", 1]]
  â†³ /Users/ikedamasayuki/.rbenv/versions/2.4.1/lib/ruby/gems/2.4.0/gems/activerecord-5.2.3/lib/active_record/log_subscriber.rb:98
  Rendering /Users/ikedamasayuki/.rbenv/versions/2.4.1/lib/ruby/gems/2.4.0/gems/activeadmin-2.2.0/app/views/active_admin/resource/index.html.arb
  [1m[35m (0.5ms)[0m  [1m[34mSELECT COUNT(*) FROM (SELECT  1 AS one FROM "authors" LIMIT ? OFFSET ?) subquery_for_count[0m  [["LIMIT", 30], ["OFFSET", 0]]
  â†³ /Users/ikedamasayuki/.rbenv/versions/2.4.1/lib/ruby/gems/2.4.0/gems/activerecord-5.2.3/lib/active_record/log_subscriber.rb:98
  [1m[36mBook Load (0.6ms)[0m  [1m[34mSELECT "books".* FROM "books"[0m
  â†³ /Users/ikedamasayuki/.rbenv/versions/2.4.1/lib/ruby/gems/2.4.0/gems/activerecord-5.2.3/lib/active_record/log_subscriber.rb:98
  Rendered /Users/ikedamasayuki/.rbenv/versions/2.4.1/lib/ruby/gems/2.4.0/gems/activeadmin-2.2.0/app/views/active_admin/resource/index.html.arb (371.9ms)
Completed 200 OK in 459ms (Views: 397.8ms | ActiveRecord: 15.2ms)


Started GET "/admin/books" for ::1 at 2019-07-28 18:32:27 +0900
Processing by Admin::BooksController#index as HTML
  [1m[36mAdminUser Load (0.2ms)[0m  [1m[34mSELECT  "admin_users".* FROM "admin_users" WHERE "admin_users"."id" = ? ORDER BY "admin_users"."id" ASC LIMIT ?[0m  [["id", 2], ["LIMIT", 1]]
  â†³ /Users/ikedamasayuki/.rbenv/versions/2.4.1/lib/ruby/gems/2.4.0/gems/activerecord-5.2.3/lib/active_record/log_subscriber.rb:98
  Rendering /Users/ikedamasayuki/.rbenv/versions/2.4.1/lib/ruby/gems/2.4.0/gems/activeadmin-2.2.0/app/views/active_admin/resource/index.html.arb
  [1m[35m (0.5ms)[0m  [1m[34mSELECT COUNT(*) FROM (SELECT  1 AS one FROM "books" LIMIT ? OFFSET ?) subquery_for_count[0m  [["LIMIT", 30], ["OFFSET", 0]]
  â†³ /Users/ikedamasayuki/.rbenv/versions/2.4.1/lib/ruby/gems/2.4.0/gems/activerecord-5.2.3/lib/active_record/log_subscriber.rb:98
  [1m[36mAuthor Load (0.4ms)[0m  [1m[34mSELECT "authors".* FROM "authors"[0m
  â†³ /Users/ikedamasayuki/.rbenv/versions/2.4.1/lib/ruby/gems/2.4.0/gems/activerecord-5.2.3/lib/active_record/log_subscriber.rb:98
  Rendered /Users/ikedamasayuki/.rbenv/versions/2.4.1/lib/ruby/gems/2.4.0/gems/activeadmin-2.2.0/app/views/active_admin/resource/index.html.arb (259.8ms)
Completed 200 OK in 318ms (Views: 289.5ms | ActiveRecord: 3.7ms)


Started GET "/admin/books" for ::1 at 2019-07-28 18:33:56 +0900
Processing by Admin::BooksController#index as HTML
  [1m[36mAdminUser Load (0.3ms)[0m  [1m[34mSELECT  "admin_users".* FROM "admin_users" WHERE "admin_users"."id" = ? ORDER BY "admin_users"."id" ASC LIMIT ?[0m  [["id", 2], ["LIMIT", 1]]
  â†³ /Users/ikedamasayuki/.rbenv/versions/2.4.1/lib/ruby/gems/2.4.0/gems/activerecord-5.2.3/lib/active_record/log_subscriber.rb:98
  Rendering /Users/ikedamasayuki/.rbenv/versions/2.4.1/lib/ruby/gems/2.4.0/gems/activeadmin-2.2.0/app/views/active_admin/resource/index.html.arb
  [1m[35m (0.3ms)[0m  [1m[34mSELECT COUNT(*) FROM (SELECT  1 AS one FROM "books" LIMIT ? OFFSET ?) subquery_for_count[0m  [["LIMIT", 30], ["OFFSET", 0]]
  â†³ /Users/ikedamasayuki/.rbenv/versions/2.4.1/lib/ruby/gems/2.4.0/gems/activerecord-5.2.3/lib/active_record/log_subscriber.rb:98
  [1m[36mAuthor Load (0.3ms)[0m  [1m[34mSELECT "authors".* FROM "authors"[0m
  â†³ /Users/ikedamasayuki/.rbenv/versions/2.4.1/lib/ruby/gems/2.4.0/gems/activerecord-5.2.3/lib/active_record/log_subscriber.rb:98
  Rendered /Users/ikedamasayuki/.rbenv/versions/2.4.1/lib/ruby/gems/2.4.0/gems/activeadmin-2.2.0/app/views/active_admin/resource/index.html.arb (258.3ms)
Completed 200 OK in 306ms (Views: 281.4ms | ActiveRecord: 4.2ms)


Started GET "/admin/books" for ::1 at 2019-07-28 18:36:50 +0900
  
SyntaxError (/Users/ikedamasayuki/Desktop/dream/dream-website/app/admin/authors.rb:28: syntax error, unexpected end-of-input, expecting keyword_end):
  
app/admin/authors.rb:28: syntax error, unexpected end-of-input, expecting keyword_end
config/routes.rb:3:in `block in <main>'
config/routes.rb:1:in `<main>'
Started GET "/admin/books" for ::1 at 2019-07-28 18:37:14 +0900
Processing by Admin::BooksController#index as HTML
  [1m[36mAdminUser Load (1.2ms)[0m  [1m[34mSELECT  "admin_users".* FROM "admin_users" WHERE "admin_users"."id" = ? ORDER BY "admin_users"."id" ASC LIMIT ?[0m  [["id", 2], ["LIMIT", 1]]
  â†³ /Users/ikedamasayuki/.rbenv/versions/2.4.1/lib/ruby/gems/2.4.0/gems/activerecord-5.2.3/lib/active_record/log_subscriber.rb:98
  Rendering /Users/ikedamasayuki/.rbenv/versions/2.4.1/lib/ruby/gems/2.4.0/gems/activeadmin-2.2.0/app/views/active_admin/resource/index.html.arb
  [1m[35m (1.4ms)[0m  [1m[34mSELECT COUNT(*) FROM (SELECT  1 AS one FROM "books" LIMIT ? OFFSET ?) subquery_for_count[0m  [["LIMIT", 30], ["OFFSET", 0]]
  â†³ /Users/ikedamasayuki/.rbenv/versions/2.4.1/lib/ruby/gems/2.4.0/gems/activerecord-5.2.3/lib/active_record/log_subscriber.rb:98
  [1m[36mAuthor Load (1.5ms)[0m  [1m[34mSELECT "authors".* FROM "authors"[0m
  â†³ /Users/ikedamasayuki/.rbenv/versions/2.4.1/lib/ruby/gems/2.4.0/gems/activerecord-5.2.3/lib/active_record/log_subscriber.rb:98
  Rendered /Users/ikedamasayuki/.rbenv/versions/2.4.1/lib/ruby/gems/2.4.0/gems/activeadmin-2.2.0/app/views/active_admin/resource/index.html.arb (328.1ms)
Completed 200 OK in 372ms (Views: 342.1ms | ActiveRecord: 6.8ms)


Started GET "/meeting_entries/new" for ::1 at 2019-07-28 18:40:22 +0900
Processing by MeetingEntriesController#new as HTML
  Rendering meeting_entries/new.html.erb within layouts/application
  Rendered meeting_entries/_form.html.erb (18.1ms)
  Rendered meeting_entries/new.html.erb within layouts/application (25.1ms)
Completed 200 OK in 531ms (Views: 487.0ms | ActiveRecord: 1.5ms)


Started GET "/meeting_entries" for ::1 at 2019-07-28 18:41:36 +0900
Processing by MeetingEntriesController#index as HTML
  Rendering meeting_entries/index.html.erb within layouts/application
  [1m[36mMeetingEntry Load (1.3ms)[0m  [1m[34mSELECT "meeting_entries".* FROM "meeting_entries"[0m
  â†³ app/views/meeting_entries/index.html.erb:23
  Rendered meeting_entries/index.html.erb within layouts/application (3.1ms)
Completed 200 OK in 217ms (Views: 208.9ms | ActiveRecord: 1.3ms)


Started GET "/meeting_entries/new" for ::1 at 2019-07-28 18:41:59 +0900
Processing by MeetingEntriesController#new as HTML
  Rendering meeting_entries/new.html.erb within layouts/application
  Rendered meeting_entries/_form.html.erb (6.5ms)
  Rendered meeting_entries/new.html.erb within layouts/application (10.4ms)
Completed 200 OK in 216ms (Views: 211.4ms | ActiveRecord: 0.0ms)


Started POST "/meeting_entries" for ::1 at 2019-07-28 18:42:02 +0900
Processing by MeetingEntriesController#create as HTML
  Parameters: {"utf8"=>"âœ“", "authenticity_token"=>"4adhreUrBFl6uJ0Rfj4Zh3Q6iX0UVLoSI+Rd5QZ3qf3scPACyKkkjJ5vBTezQwslceEg7mjIUwag2IWskMdx2g==", "meeting_entry"=>{"meeting_date_id"=>"", "family_name"=>"", "first_name"=>"", "family_kana"=>"", "first_kana"=>"", "phone"=>"", "email"=>"", "purpose"=>"", "note"=>"", "agreement"=>"0"}, "commit"=>"Create Meeting entry"}
  [1m[35m (0.1ms)[0m  [1m[36mbegin transaction[0m
  â†³ app/controllers/meeting_entries_controller.rb:36
  [1m[35m (0.1ms)[0m  [1m[31mrollback transaction[0m
  â†³ app/controllers/meeting_entries_controller.rb:36
  Rendering meeting_entries/new.html.erb within layouts/application
  Rendered meeting_entries/_form.html.erb (9.2ms)
  Rendered meeting_entries/new.html.erb within layouts/application (15.9ms)
Completed 200 OK in 322ms (Views: 287.4ms | ActiveRecord: 0.3ms)


Started GET "/meeting_entries" for ::1 at 2019-07-28 18:42:17 +0900
Processing by MeetingEntriesController#index as HTML
  Rendering meeting_entries/index.html.erb within layouts/application
  [1m[36mMeetingEntry Load (0.1ms)[0m  [1m[34mSELECT "meeting_entries".* FROM "meeting_entries"[0m
  â†³ app/views/meeting_entries/index.html.erb:23
  Rendered meeting_entries/index.html.erb within layouts/application (1.7ms)
Completed 200 OK in 343ms (Views: 339.1ms | ActiveRecord: 0.1ms)


Started GET "/meeting_entries/new" for ::1 at 2019-07-28 18:42:19 +0900
Processing by MeetingEntriesController#new as HTML
  Rendering meeting_entries/new.html.erb within layouts/application
  Rendered meeting_entries/_form.html.erb (4.8ms)
  Rendered meeting_entries/new.html.erb within layouts/application (7.8ms)
Completed 200 OK in 190ms (Views: 185.1ms | ActiveRecord: 0.0ms)


Started POST "/meeting_entries" for ::1 at 2019-07-28 18:43:17 +0900
Processing by MeetingEntriesController#create as HTML
  Parameters: {"utf8"=>"âœ“", "authenticity_token"=>"oIGoPF8rjN3KYnqjfuzkxlM5sQg4GbqAiTQjUtVlsOatVjmTcqmsCC614oWzkfZkVuIYm0SFU5QKCPsbQ9VowQ==", "meeting_entry"=>{"meeting_date_id"=>"0927", "family_name"=>"æ± ç”°", "first_name"=>"å°†ä¹‹", "family_kana"=>"ã„ã‘ã ", "first_kana"=>"ã¾ã•ã‚†ã", "phone"=>"08042638713", "email"=>"ikeda@gmail.com", "purpose"=>"ã‚­ãƒ£ãƒªã‚¢é–‹ç™ºã®ãŸã‚", "note"=>"ã¨ãã«ãªã—", "agreement"=>"1"}, "commit"=>"Create Meeting entry"}
  [1m[35m (0.2ms)[0m  [1m[36mbegin transaction[0m
  â†³ app/controllers/meeting_entries_controller.rb:36
  [1m[35m (0.1ms)[0m  [1m[31mrollback transaction[0m
  â†³ app/controllers/meeting_entries_controller.rb:36
Completed 500 Internal Server Error in 22ms (ActiveRecord: 0.2ms)


  
NameError (uninitialized constant MeetingEntry::MeetingId):
  
app/controllers/meeting_entries_controller.rb:36:in `block in create'
app/controllers/meeting_entries_controller.rb:35:in `create'
Started GET "/admin/authors" for ::1 at 2019-07-28 18:48:02 +0900
Processing by Admin::AuthorsController#index as HTML
  [1m[36mAdminUser Load (0.2ms)[0m  [1m[34mSELECT  "admin_users".* FROM "admin_users" WHERE "admin_users"."id" = ? ORDER BY "admin_users"."id" ASC LIMIT ?[0m  [["id", 2], ["LIMIT", 1]]
  â†³ /Users/ikedamasayuki/.rbenv/versions/2.4.1/lib/ruby/gems/2.4.0/gems/activerecord-5.2.3/lib/active_record/log_subscriber.rb:98
  Rendering /Users/ikedamasayuki/.rbenv/versions/2.4.1/lib/ruby/gems/2.4.0/gems/activeadmin-2.2.0/app/views/active_admin/resource/index.html.arb
  [1m[35m (0.6ms)[0m  [1m[34mSELECT COUNT(*) FROM (SELECT  1 AS one FROM "authors" LIMIT ? OFFSET ?) subquery_for_count[0m  [["LIMIT", 30], ["OFFSET", 0]]
  â†³ /Users/ikedamasayuki/.rbenv/versions/2.4.1/lib/ruby/gems/2.4.0/gems/activerecord-5.2.3/lib/active_record/log_subscriber.rb:98
  [1m[36mBook Load (1.4ms)[0m  [1m[34mSELECT "books".* FROM "books"[0m
  â†³ /Users/ikedamasayuki/.rbenv/versions/2.4.1/lib/ruby/gems/2.4.0/gems/activerecord-5.2.3/lib/active_record/log_subscriber.rb:98
  Rendered /Users/ikedamasayuki/.rbenv/versions/2.4.1/lib/ruby/gems/2.4.0/gems/activeadmin-2.2.0/app/views/active_admin/resource/index.html.arb (214.6ms)
Completed 200 OK in 238ms (Views: 231.5ms | ActiveRecord: 2.2ms)


Started GET "/admin/books" for ::1 at 2019-07-28 18:48:07 +0900
Processing by Admin::BooksController#index as HTML
  [1m[36mAdminUser Load (0.2ms)[0m  [1m[34mSELECT  "admin_users".* FROM "admin_users" WHERE "admin_users"."id" = ? ORDER BY "admin_users"."id" ASC LIMIT ?[0m  [["id", 2], ["LIMIT", 1]]
  â†³ /Users/ikedamasayuki/.rbenv/versions/2.4.1/lib/ruby/gems/2.4.0/gems/activerecord-5.2.3/lib/active_record/log_subscriber.rb:98
  Rendering /Users/ikedamasayuki/.rbenv/versions/2.4.1/lib/ruby/gems/2.4.0/gems/activeadmin-2.2.0/app/views/active_admin/resource/index.html.arb
  [1m[35m (0.3ms)[0m  [1m[34mSELECT COUNT(*) FROM (SELECT  1 AS one FROM "books" LIMIT ? OFFSET ?) subquery_for_count[0m  [["LIMIT", 30], ["OFFSET", 0]]
  â†³ /Users/ikedamasayuki/.rbenv/versions/2.4.1/lib/ruby/gems/2.4.0/gems/activerecord-5.2.3/lib/active_record/log_subscriber.rb:98
  [1m[36mAuthor Load (0.2ms)[0m  [1m[34mSELECT "authors".* FROM "authors"[0m
  â†³ /Users/ikedamasayuki/.rbenv/versions/2.4.1/lib/ruby/gems/2.4.0/gems/activerecord-5.2.3/lib/active_record/log_subscriber.rb:98
  Rendered /Users/ikedamasayuki/.rbenv/versions/2.4.1/lib/ruby/gems/2.4.0/gems/activeadmin-2.2.0/app/views/active_admin/resource/index.html.arb (210.0ms)
Completed 200 OK in 234ms (Views: 228.1ms | ActiveRecord: 0.8ms)


Started GET "/admin/admin_users" for ::1 at 2019-07-28 18:48:10 +0900
Processing by Admin::AdminUsersController#index as HTML
  [1m[36mAdminUser Load (0.3ms)[0m  [1m[34mSELECT  "admin_users".* FROM "admin_users" WHERE "admin_users"."id" = ? ORDER BY "admin_users"."id" ASC LIMIT ?[0m  [["id", 2], ["LIMIT", 1]]
  â†³ /Users/ikedamasayuki/.rbenv/versions/2.4.1/lib/ruby/gems/2.4.0/gems/activerecord-5.2.3/lib/active_record/log_subscriber.rb:98
  Rendering /Users/ikedamasayuki/.rbenv/versions/2.4.1/lib/ruby/gems/2.4.0/gems/activeadmin-2.2.0/app/views/active_admin/resource/index.html.arb
  [1m[35m (1.4ms)[0m  [1m[34mSELECT COUNT(*) FROM (SELECT  1 AS one FROM "admin_users" LIMIT ? OFFSET ?) subquery_for_count[0m  [["LIMIT", 30], ["OFFSET", 0]]
  â†³ /Users/ikedamasayuki/.rbenv/versions/2.4.1/lib/ruby/gems/2.4.0/gems/activerecord-5.2.3/lib/active_record/log_subscriber.rb:98
  [1m[35mCACHE  (0.0ms)[0m  [1m[34mSELECT COUNT(*) FROM (SELECT  1 AS one FROM "admin_users" LIMIT ? OFFSET ?) subquery_for_count[0m  [["LIMIT", 30], ["OFFSET", 0]]
  â†³ /Users/ikedamasayuki/.rbenv/versions/2.4.1/lib/ruby/gems/2.4.0/gems/activerecord-5.2.3/lib/active_record/log_subscriber.rb:98
  [1m[35m (0.2ms)[0m  [1m[34mSELECT COUNT(*) FROM "admin_users"[0m
  â†³ /Users/ikedamasayuki/.rbenv/versions/2.4.1/lib/ruby/gems/2.4.0/gems/activerecord-5.2.3/lib/active_record/log_subscriber.rb:98
  [1m[35mCACHE  (0.0ms)[0m  [1m[34mSELECT COUNT(*) FROM (SELECT  1 AS one FROM "admin_users" LIMIT ? OFFSET ?) subquery_for_count[0m  [["LIMIT", 30], ["OFFSET", 0]]
  â†³ /Users/ikedamasayuki/.rbenv/versions/2.4.1/lib/ruby/gems/2.4.0/gems/activerecord-5.2.3/lib/active_record/log_subscriber.rb:98
  [1m[36mAdminUser Load (0.4ms)[0m  [1m[34mSELECT  "admin_users".* FROM "admin_users" ORDER BY "admin_users"."id" desc LIMIT ? OFFSET ?[0m  [["LIMIT", 30], ["OFFSET", 0]]
  â†³ /Users/ikedamasayuki/.rbenv/versions/2.4.1/lib/ruby/gems/2.4.0/gems/activerecord-5.2.3/lib/active_record/log_subscriber.rb:98
  Rendered /Users/ikedamasayuki/.rbenv/versions/2.4.1/lib/ruby/gems/2.4.0/gems/activeadmin-2.2.0/app/views/active_admin/resource/index.html.arb (274.6ms)
Completed 200 OK in 301ms (Views: 293.7ms | ActiveRecord: 2.4ms)


Started GET "/admin/books" for ::1 at 2019-07-28 18:48:20 +0900
Processing by Admin::BooksController#index as HTML
  [1m[36mAdminUser Load (0.3ms)[0m  [1m[34mSELECT  "admin_users".* FROM "admin_users" WHERE "admin_users"."id" = ? ORDER BY "admin_users"."id" ASC LIMIT ?[0m  [["id", 2], ["LIMIT", 1]]
  â†³ /Users/ikedamasayuki/.rbenv/versions/2.4.1/lib/ruby/gems/2.4.0/gems/activerecord-5.2.3/lib/active_record/log_subscriber.rb:98
  Rendering /Users/ikedamasayuki/.rbenv/versions/2.4.1/lib/ruby/gems/2.4.0/gems/activeadmin-2.2.0/app/views/active_admin/resource/index.html.arb
  [1m[35m (0.3ms)[0m  [1m[34mSELECT COUNT(*) FROM (SELECT  1 AS one FROM "books" LIMIT ? OFFSET ?) subquery_for_count[0m  [["LIMIT", 30], ["OFFSET", 0]]
  â†³ /Users/ikedamasayuki/.rbenv/versions/2.4.1/lib/ruby/gems/2.4.0/gems/activerecord-5.2.3/lib/active_record/log_subscriber.rb:98
  [1m[36mAuthor Load (0.4ms)[0m  [1m[34mSELECT "authors".* FROM "authors"[0m
  â†³ /Users/ikedamasayuki/.rbenv/versions/2.4.1/lib/ruby/gems/2.4.0/gems/activerecord-5.2.3/lib/active_record/log_subscriber.rb:98
  Rendered /Users/ikedamasayuki/.rbenv/versions/2.4.1/lib/ruby/gems/2.4.0/gems/activeadmin-2.2.0/app/views/active_admin/resource/index.html.arb (353.0ms)
Completed 200 OK in 378ms (Views: 372.5ms | ActiveRecord: 1.0ms)


Started GET "/admin/books/new" for ::1 at 2019-07-28 18:48:23 +0900
Processing by Admin::BooksController#new as HTML
  [1m[36mAdminUser Load (0.2ms)[0m  [1m[34mSELECT  "admin_users".* FROM "admin_users" WHERE "admin_users"."id" = ? ORDER BY "admin_users"."id" ASC LIMIT ?[0m  [["id", 2], ["LIMIT", 1]]
  â†³ /Users/ikedamasayuki/.rbenv/versions/2.4.1/lib/ruby/gems/2.4.0/gems/activerecord-5.2.3/lib/active_record/log_subscriber.rb:98
  Rendering /Users/ikedamasayuki/.rbenv/versions/2.4.1/lib/ruby/gems/2.4.0/gems/activeadmin-2.2.0/app/views/active_admin/resource/new.html.arb
  [1m[36mAuthor Load (0.2ms)[0m  [1m[34mSELECT "authors".* FROM "authors"[0m
  â†³ app/admin/books.rb:6
  Rendered /Users/ikedamasayuki/.rbenv/versions/2.4.1/lib/ruby/gems/2.4.0/gems/activeadmin-2.2.0/app/views/active_admin/resource/new.html.arb (214.5ms)
Completed 200 OK in 246ms (Views: 233.5ms | ActiveRecord: 0.5ms)


Started GET "/admin/books" for ::1 at 2019-07-28 18:48:27 +0900
Processing by Admin::BooksController#index as HTML
  [1m[36mAdminUser Load (0.2ms)[0m  [1m[34mSELECT  "admin_users".* FROM "admin_users" WHERE "admin_users"."id" = ? ORDER BY "admin_users"."id" ASC LIMIT ?[0m  [["id", 2], ["LIMIT", 1]]
  â†³ /Users/ikedamasayuki/.rbenv/versions/2.4.1/lib/ruby/gems/2.4.0/gems/activerecord-5.2.3/lib/active_record/log_subscriber.rb:98
  Rendering /Users/ikedamasayuki/.rbenv/versions/2.4.1/lib/ruby/gems/2.4.0/gems/activeadmin-2.2.0/app/views/active_admin/resource/index.html.arb
  [1m[35m (0.3ms)[0m  [1m[34mSELECT COUNT(*) FROM (SELECT  1 AS one FROM "books" LIMIT ? OFFSET ?) subquery_for_count[0m  [["LIMIT", 30], ["OFFSET", 0]]
  â†³ /Users/ikedamasayuki/.rbenv/versions/2.4.1/lib/ruby/gems/2.4.0/gems/activerecord-5.2.3/lib/active_record/log_subscriber.rb:98
  [1m[36mAuthor Load (0.3ms)[0m  [1m[34mSELECT "authors".* FROM "authors"[0m
  â†³ /Users/ikedamasayuki/.rbenv/versions/2.4.1/lib/ruby/gems/2.4.0/gems/activerecord-5.2.3/lib/active_record/log_subscriber.rb:98
  Rendered /Users/ikedamasayuki/.rbenv/versions/2.4.1/lib/ruby/gems/2.4.0/gems/activeadmin-2.2.0/app/views/active_admin/resource/index.html.arb (153.7ms)
Completed 200 OK in 181ms (Views: 174.9ms | ActiveRecord: 0.8ms)


Started POST "/meeting_entries" for ::1 at 2019-07-28 18:48:52 +0900
Processing by MeetingEntriesController#create as HTML
  Parameters: {"utf8"=>"âœ“", "authenticity_token"=>"YdAOJuBLea3+GS3wi3NnnilD9zC8lNva62KuTgSSqAQiMpfnCHSTgtyugclZhGjtOisCgyZPzO46zQ+bXwqlsw==", "meeting_entry"=>{"meeting_date_id"=>"0927", "family_name"=>"æ± ç”°", "first_name"=>"å°†ä¹‹", "family_kana"=>"ã„ã‘ã ", "first_kana"=>"ã¾ã•ã‚†ã", "phone"=>"08042638713", "email"=>"ikeda@gmail.com", "purpose"=>"ã‚­ãƒ£ãƒªã‚¢é–‹ç™ºã®ãŸã‚", "note"=>"ã¨ãã«ãªã—", "agreement"=>"1"}, "commit"=>"Create Meeting entry"}
  [1m[35m (0.1ms)[0m  [1m[36mbegin transaction[0m
  â†³ app/controllers/meeting_entries_controller.rb:36
  [1m[35m (0.1ms)[0m  [1m[31mrollback transaction[0m
  â†³ app/controllers/meeting_entries_controller.rb:36
Completed 500 Internal Server Error in 15ms (ActiveRecord: 0.3ms)


  
NameError (uninitialized constant MeetingEntry::MeetingId):
  
app/controllers/meeting_entries_controller.rb:36:in `block in create'
app/controllers/meeting_entries_controller.rb:35:in `create'
Started POST "/meeting_entries" for ::1 at 2019-07-28 18:50:26 +0900
Processing by MeetingEntriesController#create as HTML
  Parameters: {"utf8"=>"âœ“", "authenticity_token"=>"YdAOJuBLea3+GS3wi3NnnilD9zC8lNva62KuTgSSqAQiMpfnCHSTgtyugclZhGjtOisCgyZPzO46zQ+bXwqlsw==", "meeting_entry"=>{"meeting_date_id"=>"0927", "family_name"=>"æ± ç”°", "first_name"=>"å°†ä¹‹", "family_kana"=>"ã„ã‘ã ", "first_kana"=>"ã¾ã•ã‚†ã", "phone"=>"08042638713", "email"=>"ikeda@gmail.com", "purpose"=>"ã‚­ãƒ£ãƒªã‚¢é–‹ç™ºã®ãŸã‚", "note"=>"ã¨ãã«ãªã—", "agreement"=>"1"}, "commit"=>"Create Meeting entry"}
  [1m[35m (0.2ms)[0m  [1m[36mbegin transaction[0m
  â†³ app/controllers/meeting_entries_controller.rb:36
  [1m[35m (0.1ms)[0m  [1m[31mrollback transaction[0m
  â†³ app/controllers/meeting_entries_controller.rb:36
Completed 500 Internal Server Error in 51ms (ActiveRecord: 2.0ms)


  
NameError (uninitialized constant MeetingEntry::MeetingId):
  
app/controllers/meeting_entries_controller.rb:36:in `block in create'
app/controllers/meeting_entries_controller.rb:35:in `create'
  [1m[35m (1.6ms)[0m  [1m[34mSELECT "schema_migrations"."version" FROM "schema_migrations" ORDER BY "schema_migrations"."version" ASC[0m
  â†³ bin/rails:9
  [1m[35m (0.2ms)[0m  [1m[34mSELECT "schema_migrations"."version" FROM "schema_migrations" ORDER BY "schema_migrations"."version" ASC[0m
  â†³ bin/rails:9
  [1m[35m (0.1ms)[0m  [1m[34mSELECT "schema_migrations"."version" FROM "schema_migrations" ORDER BY "schema_migrations"."version" ASC[0m
  â†³ bin/rails:9
  [1m[35m (0.1ms)[0m  [1m[34mSELECT "schema_migrations"."version" FROM "schema_migrations" ORDER BY "schema_migrations"."version" ASC[0m
  â†³ bin/rails:9
  [1m[35m (0.1ms)[0m  [1m[34mSELECT "schema_migrations"."version" FROM "schema_migrations" ORDER BY "schema_migrations"."version" ASC[0m
  â†³ bin/rails:9
Migrating to CreateBooks (20190728092708)
  [1m[35m (0.1ms)[0m  [1m[36mbegin transaction[0m
  â†³ bin/rails:9
  [1m[35m (3.6ms)[0m  [1m[35mDROP TABLE "books"[0m
  â†³ bin/rails:9
  [1m[36mActiveRecord::SchemaMigration Destroy (1.4ms)[0m  [1m[31mDELETE FROM "schema_migrations" WHERE "schema_migrations"."version" = ?[0m  [["version", "20190728092708"]]
  â†³ bin/rails:9
  [1m[35m (1.8ms)[0m  [1m[36mcommit transaction[0m
  â†³ bin/rails:9
Migrating to CreateAuthors (20190728092250)
  [1m[35m (0.1ms)[0m  [1m[36mbegin transaction[0m
  â†³ bin/rails:9
  [1m[35m (1.6ms)[0m  [1m[35mDROP TABLE "authors"[0m
  â†³ bin/rails:9
  [1m[36mActiveRecord::SchemaMigration Destroy (0.2ms)[0m  [1m[31mDELETE FROM "schema_migrations" WHERE "schema_migrations"."version" = ?[0m  [["version", "20190728092250"]]
  â†³ bin/rails:9
  [1m[35m (1.9ms)[0m  [1m[36mcommit transaction[0m
  â†³ bin/rails:9
Migrating to CreateActiveAdminComments (20190728084452)
  [1m[35m (0.1ms)[0m  [1m[36mbegin transaction[0m
  â†³ bin/rails:9
  [1m[35m (3.4ms)[0m  [1m[35mDROP TABLE "active_admin_comments"[0m
  â†³ db/migrate/20190728084452_create_active_admin_comments.rb:14
  [1m[36mActiveRecord::SchemaMigration Destroy (0.6ms)[0m  [1m[31mDELETE FROM "schema_migrations" WHERE "schema_migrations"."version" = ?[0m  [["version", "20190728084452"]]
  â†³ bin/rails:9
  [1m[35m (3.6ms)[0m  [1m[36mcommit transaction[0m
  â†³ bin/rails:9
Migrating to DeviseCreateAdminUsers (20190728084448)
  [1m[35m (0.1ms)[0m  [1m[36mbegin transaction[0m
  â†³ bin/rails:9
  [1m[35m (2.3ms)[0m  [1m[35mDROP INDEX "index_admin_users_on_reset_password_token"[0m
  â†³ bin/rails:9
  [1m[35m (1.6ms)[0m  [1m[35mDROP INDEX "index_admin_users_on_email"[0m
  â†³ bin/rails:9
  [1m[35m (2.4ms)[0m  [1m[35mDROP TABLE "admin_users"[0m
  â†³ bin/rails:9
  [1m[36mActiveRecord::SchemaMigration Destroy (0.4ms)[0m  [1m[31mDELETE FROM "schema_migrations" WHERE "schema_migrations"."version" = ?[0m  [["version", "20190728084448"]]
  â†³ bin/rails:9
  [1m[35m (2.3ms)[0m  [1m[36mcommit transaction[0m
  â†³ bin/rails:9
Migrating to CreateMeetings (20190728081450)
  [1m[35m (0.1ms)[0m  [1m[36mbegin transaction[0m
  â†³ bin/rails:9
  [1m[35m (1.8ms)[0m  [1m[35mDROP TABLE "meetings"[0m
  â†³ bin/rails:9
  [1m[36mActiveRecord::SchemaMigration Destroy (0.4ms)[0m  [1m[31mDELETE FROM "schema_migrations" WHERE "schema_migrations"."version" = ?[0m  [["version", "20190728081450"]]
  â†³ bin/rails:9
  [1m[35m (1.8ms)[0m  [1m[36mcommit transaction[0m
  â†³ bin/rails:9
Migrating to CreateMeetingEntries (20190728081408)
  [1m[35m (0.1ms)[0m  [1m[36mbegin transaction[0m
  â†³ bin/rails:9
  [1m[35m (2.1ms)[0m  [1m[35mDROP TABLE "meeting_entries"[0m
  â†³ bin/rails:9
  [1m[36mActiveRecord::SchemaMigration Destroy (0.3ms)[0m  [1m[31mDELETE FROM "schema_migrations" WHERE "schema_migrations"."version" = ?[0m  [["version", "20190728081408"]]
  â†³ bin/rails:9
  [1m[35m (1.9ms)[0m  [1m[36mcommit transaction[0m
  â†³ bin/rails:9
  [1m[35m (0.3ms)[0m  [1m[34mSELECT "schema_migrations"."version" FROM "schema_migrations" ORDER BY "schema_migrations"."version" ASC[0m
  â†³ bin/rails:9
  [1m[35m (0.3ms)[0m  [1m[34mSELECT "schema_migrations"."version" FROM "schema_migrations" ORDER BY "schema_migrations"."version" ASC[0m
  â†³ bin/rails:9
  [1m[35m (1.6ms)[0m  [1m[34mSELECT "schema_migrations"."version" FROM "schema_migrations" ORDER BY "schema_migrations"."version" ASC[0m
  â†³ bin/rails:9
Migrating to CreateMeetingEntries (20190728081408)
  [1m[35m (0.1ms)[0m  [1m[36mbegin transaction[0m
  â†³ bin/rails:9
  [1m[35m (0.2ms)[0m  [1m[34mSELECT sqlite_version(*)[0m
  â†³ db/migrate/20190728081408_create_meeting_entries.rb:3
  [1m[35m (2.0ms)[0m  [1m[35mCREATE TABLE "meeting_entries" ("id" integer PRIMARY KEY AUTOINCREMENT NOT NULL, "meeting_date_id" integer, "family_name" varchar, "first_name" varchar, "family_kana" varchar, "first_kana" varchar, "phone" varchar, "email" varchar, "purpose" text, "note" text, "agreement" boolean, "created_at" datetime NOT NULL, "updated_at" datetime NOT NULL, CONSTRAINT "fk_rails_3ed1552289"
FOREIGN KEY ("meeting_date_id")
  REFERENCES "meeting_dates" ("id")
)[0m
  â†³ db/migrate/20190728081408_create_meeting_entries.rb:3
  [1m[35m (0.4ms)[0m  [1m[35mCREATE  INDEX "index_meeting_entries_on_meeting_date_id" ON "meeting_entries" ("meeting_date_id")[0m
  â†³ db/migrate/20190728081408_create_meeting_entries.rb:3
  [1m[36mActiveRecord::SchemaMigration Create (1.5ms)[0m  [1m[32mINSERT INTO "schema_migrations" ("version") VALUES (?)[0m  [["version", "20190728081408"]]
  â†³ bin/rails:9
  [1m[35m (2.0ms)[0m  [1m[36mcommit transaction[0m
  â†³ bin/rails:9
Migrating to CreateMeetings (20190728081450)
  [1m[35m (0.1ms)[0m  [1m[36mbegin transaction[0m
  â†³ bin/rails:9
  [1m[35m (0.8ms)[0m  [1m[35mCREATE TABLE "meetings" ("id" integer PRIMARY KEY AUTOINCREMENT NOT NULL, "created_at" datetime NOT NULL, "updated_at" datetime NOT NULL)[0m
  â†³ db/migrate/20190728081450_create_meetings.rb:3
  [1m[36mActiveRecord::SchemaMigration Create (0.3ms)[0m  [1m[32mINSERT INTO "schema_migrations" ("version") VALUES (?)[0m  [["version", "20190728081450"]]
  â†³ bin/rails:9
  [1m[35m (2.2ms)[0m  [1m[36mcommit transaction[0m
  â†³ bin/rails:9
Migrating to DeviseCreateAdminUsers (20190728084448)
  [1m[35m (0.1ms)[0m  [1m[36mbegin transaction[0m
  â†³ bin/rails:9
  [1m[35m (0.9ms)[0m  [1m[35mCREATE TABLE "admin_users" ("id" integer PRIMARY KEY AUTOINCREMENT NOT NULL, "email" varchar DEFAULT '' NOT NULL, "encrypted_password" varchar DEFAULT '' NOT NULL, "reset_password_token" varchar, "reset_password_sent_at" datetime, "remember_created_at" datetime, "created_at" datetime NOT NULL, "updated_at" datetime NOT NULL)[0m
  â†³ db/migrate/20190728084448_devise_create_admin_users.rb:5
  [1m[35m (0.4ms)[0m  [1m[35mCREATE UNIQUE INDEX "index_admin_users_on_email" ON "admin_users" ("email")[0m
  â†³ db/migrate/20190728084448_devise_create_admin_users.rb:39
  [1m[35m (0.4ms)[0m  [1m[35mCREATE UNIQUE INDEX "index_admin_users_on_reset_password_token" ON "admin_users" ("reset_password_token")[0m
  â†³ db/migrate/20190728084448_devise_create_admin_users.rb:40
  [1m[36mActiveRecord::SchemaMigration Create (0.4ms)[0m  [1m[32mINSERT INTO "schema_migrations" ("version") VALUES (?)[0m  [["version", "20190728084448"]]
  â†³ bin/rails:9
  [1m[35m (4.3ms)[0m  [1m[36mcommit transaction[0m
  â†³ bin/rails:9
Migrating to CreateActiveAdminComments (20190728084452)
  [1m[35m (0.1ms)[0m  [1m[36mbegin transaction[0m
  â†³ bin/rails:9
  [1m[35m (1.1ms)[0m  [1m[35mCREATE TABLE "active_admin_comments" ("id" integer PRIMARY KEY AUTOINCREMENT NOT NULL, "namespace" varchar, "body" text, "resource_type" varchar, "resource_id" integer, "author_type" varchar, "author_id" integer, "created_at" datetime NOT NULL, "updated_at" datetime NOT NULL)[0m
  â†³ db/migrate/20190728084452_create_active_admin_comments.rb:3
  [1m[35m (0.3ms)[0m  [1m[35mCREATE  INDEX "index_active_admin_comments_on_resource_type_and_resource_id" ON "active_admin_comments" ("resource_type", "resource_id")[0m
  â†³ db/migrate/20190728084452_create_active_admin_comments.rb:3
  [1m[35m (0.3ms)[0m  [1m[35mCREATE  INDEX "index_active_admin_comments_on_author_type_and_author_id" ON "active_admin_comments" ("author_type", "author_id")[0m
  â†³ db/migrate/20190728084452_create_active_admin_comments.rb:3
  [1m[35m (0.3ms)[0m  [1m[35mCREATE  INDEX "index_active_admin_comments_on_namespace" ON "active_admin_comments" ("namespace")[0m
  â†³ db/migrate/20190728084452_create_active_admin_comments.rb:10
  [1m[36mActiveRecord::SchemaMigration Create (0.3ms)[0m  [1m[32mINSERT INTO "schema_migrations" ("version") VALUES (?)[0m  [["version", "20190728084452"]]
  â†³ bin/rails:9
  [1m[35m (14.2ms)[0m  [1m[36mcommit transaction[0m
  â†³ bin/rails:9
Migrating to CreateAuthors (20190728092250)
  [1m[35m (0.1ms)[0m  [1m[36mbegin transaction[0m
  â†³ bin/rails:9
  [1m[35m (0.8ms)[0m  [1m[35mCREATE TABLE "authors" ("id" integer PRIMARY KEY AUTOINCREMENT NOT NULL, "name" varchar, "created_at" datetime NOT NULL, "updated_at" datetime NOT NULL)[0m
  â†³ db/migrate/20190728092250_create_authors.rb:3
  [1m[36mActiveRecord::SchemaMigration Create (0.3ms)[0m  [1m[32mINSERT INTO "schema_migrations" ("version") VALUES (?)[0m  [["version", "20190728092250"]]
  â†³ bin/rails:9
  [1m[35m (5.1ms)[0m  [1m[36mcommit transaction[0m
  â†³ bin/rails:9
Migrating to CreateBooks (20190728092708)
  [1m[35m (0.1ms)[0m  [1m[36mbegin transaction[0m
  â†³ bin/rails:9
  [1m[35m (0.7ms)[0m  [1m[35mCREATE TABLE "books" ("id" integer PRIMARY KEY AUTOINCREMENT NOT NULL, "author_id" integer, "title" varchar, "publish_date" date, "created_at" datetime NOT NULL, "updated_at" datetime NOT NULL, CONSTRAINT "fk_rails_53d51ce16a"
FOREIGN KEY ("author_id")
  REFERENCES "authors" ("id")
)[0m
  â†³ db/migrate/20190728092708_create_books.rb:3
  [1m[35m (0.2ms)[0m  [1m[35mCREATE  INDEX "index_books_on_author_id" ON "books" ("author_id")[0m
  â†³ db/migrate/20190728092708_create_books.rb:3
  [1m[36mActiveRecord::SchemaMigration Create (0.3ms)[0m  [1m[32mINSERT INTO "schema_migrations" ("version") VALUES (?)[0m  [["version", "20190728092708"]]
  â†³ bin/rails:9
  [1m[35m (13.5ms)[0m  [1m[36mcommit transaction[0m
  â†³ bin/rails:9
  [1m[36mActiveRecord::InternalMetadata Load (4.9ms)[0m  [1m[34mSELECT  "ar_internal_metadata".* FROM "ar_internal_metadata" WHERE "ar_internal_metadata"."key" = ? LIMIT ?[0m  [["key", "environment"], ["LIMIT", 1]]
  â†³ bin/rails:9
  [1m[35m (0.2ms)[0m  [1m[36mbegin transaction[0m
  â†³ bin/rails:9
  [1m[35m (0.2ms)[0m  [1m[36mcommit transaction[0m
  â†³ bin/rails:9
  [1m[35m (0.3ms)[0m  [1m[34mSELECT "schema_migrations"."version" FROM "schema_migrations" ORDER BY "schema_migrations"."version" ASC[0m
  â†³ bin/rails:9
  [1m[35m (0.2ms)[0m  [1m[34mSELECT "schema_migrations"."version" FROM "schema_migrations" ORDER BY "schema_migrations"."version" ASC[0m
  â†³ bin/rails:9
Started GET "/meeting_entries/new" for ::1 at 2019-07-28 19:04:02 +0900
  [1m[35m (0.6ms)[0m  [1m[34mSELECT "schema_migrations"."version" FROM "schema_migrations" ORDER BY "schema_migrations"."version" ASC[0m
  â†³ /Users/ikedamasayuki/.rbenv/versions/2.4.1/lib/ruby/gems/2.4.0/gems/activerecord-5.2.3/lib/active_record/log_subscriber.rb:98
Processing by MeetingEntriesController#new as HTML
  Rendering meeting_entries/new.html.erb within layouts/application
  Rendered meeting_entries/_form.html.erb (21.0ms)
  Rendered meeting_entries/new.html.erb within layouts/application (30.2ms)
Completed 200 OK in 1279ms (Views: 1248.3ms | ActiveRecord: 1.3ms)


Started GET "/meeting_entries/new" for ::1 at 2019-07-28 19:05:46 +0900
Processing by MeetingEntriesController#new as HTML
  Rendering meeting_entries/new.html.erb within layouts/application
  Rendered meeting_entries/_form.html.erb (9.8ms)
  Rendered meeting_entries/new.html.erb within layouts/application (17.4ms)
Completed 200 OK in 444ms (Views: 435.2ms | ActiveRecord: 0.0ms)


Started GET "/meeting_entries/new" for ::1 at 2019-07-28 19:05:49 +0900
Processing by MeetingEntriesController#new as HTML
  Rendering meeting_entries/new.html.erb within layouts/application
  Rendered meeting_entries/_form.html.erb (4.2ms)
  Rendered meeting_entries/new.html.erb within layouts/application (7.7ms)
Completed 200 OK in 182ms (Views: 177.5ms | ActiveRecord: 0.0ms)


Started GET "/meeting_entries/new" for ::1 at 2019-07-28 19:06:33 +0900
Processing by MeetingEntriesController#new as HTML
  Rendering meeting_entries/new.html.erb within layouts/application
  Rendered meeting_entries/_form.html.erb (4.6ms)
  Rendered meeting_entries/new.html.erb within layouts/application (9.0ms)
Completed 200 OK in 325ms (Views: 320.3ms | ActiveRecord: 0.0ms)


Started POST "/meeting_entries" for ::1 at 2019-07-28 19:08:24 +0900
Processing by MeetingEntriesController#create as HTML
  Parameters: {"utf8"=>"âœ“", "authenticity_token"=>"iNyMDK2Tf2q8gCJdFtrZmPmCZVSN2HghdAxgg7lKvUfLPhXNRayVRZ43jmTELdbr6uqQ5xcDbxWlo8FW4tKw8A==", "meeting_entry"=>{"meeting_date_id"=>"0728", "family_name"=>"æ± ç”°", "first_name"=>"å°†ä¹‹", "family_kana"=>"ã‚¤ã‚±ãƒ€", "first_kana"=>"ãƒžã‚µãƒ¦ã‚­", "phone"=>"08042528724", "email"=>"masayuki.0927.ikeda@gmail.com", "purpose"=>"ã‚­ãƒ£ãƒªã‚¢é–‹ç™ºã®ãŸã‚", "note"=>"ç‰¹ã«ãªã—", "agreement"=>"1"}, "commit"=>"Create Meeting entry"}
Completed 500 Internal Server Error in 4ms (ActiveRecord: 0.0ms)


  
ActiveModel::UnknownAttributeError (unknown attribute 'meeting_date_id' for MeetingEntry.):
  
app/controllers/meeting_entries_controller.rb:33:in `create'
Started POST "/meeting_entries" for ::1 at 2019-07-28 19:12:16 +0900
Processing by MeetingEntriesController#create as HTML
  Parameters: {"utf8"=>"âœ“", "authenticity_token"=>"iNyMDK2Tf2q8gCJdFtrZmPmCZVSN2HghdAxgg7lKvUfLPhXNRayVRZ43jmTELdbr6uqQ5xcDbxWlo8FW4tKw8A==", "meeting_entry"=>{"meeting_date_id"=>"0728", "family_name"=>"æ± ç”°", "first_name"=>"å°†ä¹‹", "family_kana"=>"ã‚¤ã‚±ãƒ€", "first_kana"=>"ãƒžã‚µãƒ¦ã‚­", "phone"=>"08042528724", "email"=>"masayuki.0927.ikeda@gmail.com", "purpose"=>"ã‚­ãƒ£ãƒªã‚¢é–‹ç™ºã®ãŸã‚", "note"=>"ç‰¹ã«ãªã—", "agreement"=>"1"}, "commit"=>"Create Meeting entry"}
Completed 500 Internal Server Error in 3ms (ActiveRecord: 0.0ms)


  
ActiveModel::UnknownAttributeError (unknown attribute 'meeting_date_id' for MeetingEntry.):
  
app/controllers/meeting_entries_controller.rb:33:in `create'
Started POST "/meeting_entries" for ::1 at 2019-07-28 19:15:31 +0900
Processing by MeetingEntriesController#create as HTML
  Parameters: {"utf8"=>"âœ“", "authenticity_token"=>"iNyMDK2Tf2q8gCJdFtrZmPmCZVSN2HghdAxgg7lKvUfLPhXNRayVRZ43jmTELdbr6uqQ5xcDbxWlo8FW4tKw8A==", "meeting_entry"=>{"meeting_date_id"=>"0728", "family_name"=>"æ± ç”°", "first_name"=>"å°†ä¹‹", "family_kana"=>"ã‚¤ã‚±ãƒ€", "first_kana"=>"ãƒžã‚µãƒ¦ã‚­", "phone"=>"08042528724", "email"=>"masayuki.0927.ikeda@gmail.com", "purpose"=>"ã‚­ãƒ£ãƒªã‚¢é–‹ç™ºã®ãŸã‚", "note"=>"ç‰¹ã«ãªã—", "agreement"=>"1"}, "commit"=>"Create Meeting entry"}
Completed 500 Internal Server Error in 4ms (ActiveRecord: 0.0ms)


  
ActiveModel::UnknownAttributeError (unknown attribute 'meeting_date_id' for MeetingEntry.):
  
app/controllers/meeting_entries_controller.rb:33:in `create'
Started POST "/meeting_entries" for ::1 at 2019-07-28 19:20:55 +0900
Processing by MeetingEntriesController#create as HTML
  Parameters: {"utf8"=>"âœ“", "authenticity_token"=>"iNyMDK2Tf2q8gCJdFtrZmPmCZVSN2HghdAxgg7lKvUfLPhXNRayVRZ43jmTELdbr6uqQ5xcDbxWlo8FW4tKw8A==", "meeting_entry"=>{"meeting_id_id"=>"0728", "family_name"=>"æ± ç”°", "first_name"=>"å°†ä¹‹", "family_kana"=>"ã‚¤ã‚±ãƒ€", "first_kana"=>"ãƒžã‚µãƒ¦ã‚­", "phone"=>"08042528724", "email"=>"masayuki.0927.ikeda@gmail.com", "purpose"=>"ã‚­ãƒ£ãƒªã‚¢é–‹ç™ºã®ãŸã‚", "note"=>"ç‰¹ã«ãªã—", "agreement"=>"1"}, "commit"=>"Create Meeting entry"}
Unpermitted parameter: :meeting_id_id
  [1m[35m (0.1ms)[0m  [1m[36mbegin transaction[0m
  â†³ app/controllers/meeting_entries_controller.rb:36
  [1m[35m (0.1ms)[0m  [1m[31mrollback transaction[0m
  â†³ app/controllers/meeting_entries_controller.rb:36
  Rendering meeting_entries/new.html.erb within layouts/application
  Rendered meeting_entries/_form.html.erb (11.7ms)
  Rendered meeting_entries/new.html.erb within layouts/application (18.5ms)
Completed 200 OK in 313ms (Views: 241.3ms | ActiveRecord: 1.9ms)


Started POST "/meeting_entries" for ::1 at 2019-07-28 19:21:02 +0900
Processing by MeetingEntriesController#create as HTML
  Parameters: {"utf8"=>"âœ“", "authenticity_token"=>"cOlhAuJFD6gA1N62YJ2ScdZpfroKq5WpNZn5DppVYvAzC/jDCnrlhyJjco+yap0CxQGLCZBwgp3kNljbwc1vRw==", "meeting_entry"=>{"meeting_date_id"=>"0927", "family_name"=>"æ± ç”°", "first_name"=>"å°†ä¹‹", "family_kana"=>"ã‚¤ã‚±ãƒ€", "first_kana"=>"ãƒžã‚µãƒ¦ã‚­", "phone"=>"08042528724", "email"=>"masayuki.0927.ikeda@gmail.com", "purpose"=>"ã‚­ãƒ£ãƒªã‚¢é–‹ç™ºã®ãŸã‚", "note"=>"ç‰¹ã«ãªã—", "agreement"=>"1"}, "commit"=>"Create Meeting entry"}
  [1m[35m (0.5ms)[0m  [1m[36mbegin transaction[0m
  â†³ app/controllers/meeting_entries_controller.rb:36
  [1m[35m (0.1ms)[0m  [1m[31mrollback transaction[0m
  â†³ app/controllers/meeting_entries_controller.rb:36
  Rendering meeting_entries/new.html.erb within layouts/application
  Rendered meeting_entries/_form.html.erb (4.8ms)
  Rendered meeting_entries/new.html.erb within layouts/application (7.3ms)
Completed 200 OK in 206ms (Views: 197.4ms | ActiveRecord: 0.6ms)


Started GET "/meeting_entries" for ::1 at 2019-07-28 19:21:11 +0900
Processing by MeetingEntriesController#index as HTML
  Rendering meeting_entries/index.html.erb within layouts/application
  [1m[36mMeetingEntry Load (0.2ms)[0m  [1m[34mSELECT "meeting_entries".* FROM "meeting_entries"[0m
  â†³ app/views/meeting_entries/index.html.erb:23
  Rendered meeting_entries/index.html.erb within layouts/application (2.5ms)
Completed 200 OK in 207ms (Views: 200.6ms | ActiveRecord: 0.2ms)


Started GET "/meeting_entries/new" for ::1 at 2019-07-28 19:21:12 +0900
Processing by MeetingEntriesController#new as HTML
  Rendering meeting_entries/new.html.erb within layouts/application
  Rendered meeting_entries/_form.html.erb (9.5ms)
  Rendered meeting_entries/new.html.erb within layouts/application (12.6ms)
Completed 200 OK in 198ms (Views: 190.8ms | ActiveRecord: 0.0ms)


Started POST "/meeting_entries" for ::1 at 2019-07-28 19:27:04 +0900
Processing by MeetingEntriesController#create as HTML
  Parameters: {"utf8"=>"âœ“", "authenticity_token"=>"bseNe+vLJ/KJZ+imJg7SKtx1AH/P+GPbCbiFuNxzg7BjEBzUxkkHJ22wcIDrc8CI2a6p7LNkis+KhF3xSsNblw==", "meeting_entry"=>{"meeting_date_id"=>"99", "family_name"=>"æ± ç”°", "first_name"=>"å°†ä¹‹", "family_kana"=>"ã„ã‘ã ", "first_kana"=>"ã¾ã•ã‚†ã", "phone"=>"9099", "email"=>"masa@gmail.com", "purpose"=>"ã‚­ãƒ£ãƒªã‚¢é–‹ç™ºã®ãŸã‚", "note"=>"ã¨ãã«ãªã—", "agreement"=>"1"}, "commit"=>"Create Meeting entry"}
  [1m[35m (0.1ms)[0m  [1m[36mbegin transaction[0m
  â†³ app/controllers/meeting_entries_controller.rb:36
  [1m[35m (0.1ms)[0m  [1m[31mrollback transaction[0m
  â†³ app/controllers/meeting_entries_controller.rb:36
  Rendering meeting_entries/new.html.erb within layouts/application
  Rendered meeting_entries/_form.html.erb (6.4ms)
  Rendered meeting_entries/new.html.erb within layouts/application (10.5ms)
Completed 200 OK in 280ms (Views: 273.3ms | ActiveRecord: 0.2ms)


Started GET "/admin/books" for ::1 at 2019-07-28 19:27:23 +0900
Processing by Admin::BooksController#index as HTML
  [1m[36mAdminUser Load (0.3ms)[0m  [1m[34mSELECT  "admin_users".* FROM "admin_users" WHERE "admin_users"."id" = ? ORDER BY "admin_users"."id" ASC LIMIT ?[0m  [["id", 2], ["LIMIT", 1]]
  â†³ /Users/ikedamasayuki/.rbenv/versions/2.4.1/lib/ruby/gems/2.4.0/gems/activerecord-5.2.3/lib/active_record/log_subscriber.rb:98
Completed 401 Unauthorized in 27ms (ActiveRecord: 1.5ms)


Started GET "/admin/login" for ::1 at 2019-07-28 19:27:23 +0900
Processing by ActiveAdmin::Devise::SessionsController#new as HTML
  Rendering /Users/ikedamasayuki/.rbenv/versions/2.4.1/lib/ruby/gems/2.4.0/gems/activeadmin-2.2.0/app/views/active_admin/devise/sessions/new.html.erb within layouts/active_admin_logged_out
  Rendered /Users/ikedamasayuki/.rbenv/versions/2.4.1/lib/ruby/gems/2.4.0/gems/activeadmin-2.2.0/app/views/active_admin/devise/shared/_links.erb (1.9ms)
  Rendered /Users/ikedamasayuki/.rbenv/versions/2.4.1/lib/ruby/gems/2.4.0/gems/activeadmin-2.2.0/app/views/active_admin/devise/sessions/new.html.erb within layouts/active_admin_logged_out (65.2ms)
Completed 200 OK in 343ms (Views: 331.8ms | ActiveRecord: 0.0ms)


Started POST "/admin/login" for ::1 at 2019-07-28 19:27:26 +0900
Processing by ActiveAdmin::Devise::SessionsController#create as HTML
  Parameters: {"utf8"=>"âœ“", "authenticity_token"=>"H6CPwZlRds3/pCs5Mx9iXCMk2EZJA4as4x8ogFNjokBcQhYAcW6c4t0ThwDh6G0vMEwt9dPYkZgysIlVCPuv9w==", "admin_user"=>{"email"=>"masayuki.0927.ikeda@gmail.com", "password"=>"[FILTERED]", "remember_me"=>"0"}, "commit"=>"Login"}
  [1m[36mAdminUser Load (0.4ms)[0m  [1m[34mSELECT  "admin_users".* FROM "admin_users" WHERE "admin_users"."email" = ? ORDER BY "admin_users"."id" ASC LIMIT ?[0m  [["email", "masayuki.0927.ikeda@gmail.com"], ["LIMIT", 1]]
  â†³ /Users/ikedamasayuki/.rbenv/versions/2.4.1/lib/ruby/gems/2.4.0/gems/activerecord-5.2.3/lib/active_record/log_subscriber.rb:98
Completed 401 Unauthorized in 7ms (ActiveRecord: 0.4ms)


Processing by ActiveAdmin::Devise::SessionsController#new as HTML
  Parameters: {"utf8"=>"âœ“", "authenticity_token"=>"H6CPwZlRds3/pCs5Mx9iXCMk2EZJA4as4x8ogFNjokBcQhYAcW6c4t0ThwDh6G0vMEwt9dPYkZgysIlVCPuv9w==", "admin_user"=>{"email"=>"masayuki.0927.ikeda@gmail.com", "password"=>"[FILTERED]", "remember_me"=>"0"}, "commit"=>"Login"}
  Rendering /Users/ikedamasayuki/.rbenv/versions/2.4.1/lib/ruby/gems/2.4.0/gems/activeadmin-2.2.0/app/views/active_admin/devise/sessions/new.html.erb within layouts/active_admin_logged_out
  Rendered /Users/ikedamasayuki/.rbenv/versions/2.4.1/lib/ruby/gems/2.4.0/gems/activeadmin-2.2.0/app/views/active_admin/devise/shared/_links.erb (1.1ms)
  Rendered /Users/ikedamasayuki/.rbenv/versions/2.4.1/lib/ruby/gems/2.4.0/gems/activeadmin-2.2.0/app/views/active_admin/devise/sessions/new.html.erb within layouts/active_admin_logged_out (32.0ms)
Completed 200 OK in 375ms (Views: 229.6ms | ActiveRecord: 0.0ms)


Started POST "/admin/login" for ::1 at 2019-07-28 19:27:40 +0900
Processing by ActiveAdmin::Devise::SessionsController#create as HTML
  Parameters: {"utf8"=>"âœ“", "authenticity_token"=>"jaMJmgnrGqrzx9iRMvpWV6po7o9NKbh5YUoLw9ReKJ/OQZBb4dTwhdFwdKjgDVkkuQAbPNfyr02w5aoWj8YlKA==", "admin_user"=>{"email"=>"masayuki.0927.ikeda@gmail.com", "password"=>"[FILTERED]", "remember_me"=>"0"}, "commit"=>"Login"}
  [1m[36mAdminUser Load (0.3ms)[0m  [1m[34mSELECT  "admin_users".* FROM "admin_users" WHERE "admin_users"."email" = ? ORDER BY "admin_users"."id" ASC LIMIT ?[0m  [["email", "masayuki.0927.ikeda@gmail.com"], ["LIMIT", 1]]
  â†³ /Users/ikedamasayuki/.rbenv/versions/2.4.1/lib/ruby/gems/2.4.0/gems/activerecord-5.2.3/lib/active_record/log_subscriber.rb:98
Completed 401 Unauthorized in 6ms (ActiveRecord: 0.3ms)


Processing by ActiveAdmin::Devise::SessionsController#new as HTML
  Parameters: {"utf8"=>"âœ“", "authenticity_token"=>"jaMJmgnrGqrzx9iRMvpWV6po7o9NKbh5YUoLw9ReKJ/OQZBb4dTwhdFwdKjgDVkkuQAbPNfyr02w5aoWj8YlKA==", "admin_user"=>{"email"=>"masayuki.0927.ikeda@gmail.com", "password"=>"[FILTERED]", "remember_me"=>"0"}, "commit"=>"Login"}
  Rendering /Users/ikedamasayuki/.rbenv/versions/2.4.1/lib/ruby/gems/2.4.0/gems/activeadmin-2.2.0/app/views/active_admin/devise/sessions/new.html.erb within layouts/active_admin_logged_out
  Rendered /Users/ikedamasayuki/.rbenv/versions/2.4.1/lib/ruby/gems/2.4.0/gems/activeadmin-2.2.0/app/views/active_admin/devise/shared/_links.erb (1.1ms)
  Rendered /Users/ikedamasayuki/.rbenv/versions/2.4.1/lib/ruby/gems/2.4.0/gems/activeadmin-2.2.0/app/views/active_admin/devise/sessions/new.html.erb within layouts/active_admin_logged_out (27.7ms)
Completed 200 OK in 333ms (Views: 199.6ms | ActiveRecord: 0.0ms)


Started POST "/admin/login" for ::1 at 2019-07-28 19:27:50 +0900
Processing by ActiveAdmin::Devise::SessionsController#create as HTML
  Parameters: {"utf8"=>"âœ“", "authenticity_token"=>"KeRq3hODjEw8hH2X9XKWIQhvvKZ+jpoNfjhA2Yy3TF1qBvMf+7xmYx4z0a4nhZlSGwdJFeRVjTmvl+EM1y9B6g==", "admin_user"=>{"email"=>"masayuki.0927.ikeda@gmail.com", "password"=>"[FILTERED]", "remember_me"=>"1"}, "commit"=>"Login"}
  [1m[36mAdminUser Load (0.2ms)[0m  [1m[34mSELECT  "admin_users".* FROM "admin_users" WHERE "admin_users"."email" = ? ORDER BY "admin_users"."id" ASC LIMIT ?[0m  [["email", "masayuki.0927.ikeda@gmail.com"], ["LIMIT", 1]]
  â†³ /Users/ikedamasayuki/.rbenv/versions/2.4.1/lib/ruby/gems/2.4.0/gems/activerecord-5.2.3/lib/active_record/log_subscriber.rb:98
Completed 401 Unauthorized in 3ms (ActiveRecord: 0.2ms)


Processing by ActiveAdmin::Devise::SessionsController#new as HTML
  Parameters: {"utf8"=>"âœ“", "authenticity_token"=>"KeRq3hODjEw8hH2X9XKWIQhvvKZ+jpoNfjhA2Yy3TF1qBvMf+7xmYx4z0a4nhZlSGwdJFeRVjTmvl+EM1y9B6g==", "admin_user"=>{"email"=>"masayuki.0927.ikeda@gmail.com", "password"=>"[FILTERED]", "remember_me"=>"1"}, "commit"=>"Login"}
  Rendering /Users/ikedamasayuki/.rbenv/versions/2.4.1/lib/ruby/gems/2.4.0/gems/activeadmin-2.2.0/app/views/active_admin/devise/sessions/new.html.erb within layouts/active_admin_logged_out
  Rendered /Users/ikedamasayuki/.rbenv/versions/2.4.1/lib/ruby/gems/2.4.0/gems/activeadmin-2.2.0/app/views/active_admin/devise/shared/_links.erb (1.1ms)
  Rendered /Users/ikedamasayuki/.rbenv/versions/2.4.1/lib/ruby/gems/2.4.0/gems/activeadmin-2.2.0/app/views/active_admin/devise/sessions/new.html.erb within layouts/active_admin_logged_out (28.1ms)
Completed 200 OK in 335ms (Views: 199.0ms | ActiveRecord: 0.0ms)


Started POST "/admin/login" for ::1 at 2019-07-28 19:27:51 +0900
Processing by ActiveAdmin::Devise::SessionsController#create as HTML
  Parameters: {"utf8"=>"âœ“", "authenticity_token"=>"RPY3mw4K74nCgOBkZWvpWgNnNh1BGRRAnjLfQWK9yNQHFK5a5jUFpuA3TF23nOYpEA/DrtvCA3RPnX6UOSXFYw==", "admin_user"=>{"email"=>"masayuki.0927.ikeda@gmail.com", "password"=>"[FILTERED]", "remember_me"=>"1"}, "commit"=>"Login"}
  [1m[36mAdminUser Load (0.2ms)[0m  [1m[34mSELECT  "admin_users".* FROM "admin_users" WHERE "admin_users"."email" = ? ORDER BY "admin_users"."id" ASC LIMIT ?[0m  [["email", "masayuki.0927.ikeda@gmail.com"], ["LIMIT", 1]]
  â†³ /Users/ikedamasayuki/.rbenv/versions/2.4.1/lib/ruby/gems/2.4.0/gems/activerecord-5.2.3/lib/active_record/log_subscriber.rb:98
Completed 401 Unauthorized in 3ms (ActiveRecord: 0.2ms)


Processing by ActiveAdmin::Devise::SessionsController#new as HTML
  Parameters: {"utf8"=>"âœ“", "authenticity_token"=>"RPY3mw4K74nCgOBkZWvpWgNnNh1BGRRAnjLfQWK9yNQHFK5a5jUFpuA3TF23nOYpEA/DrtvCA3RPnX6UOSXFYw==", "admin_user"=>{"email"=>"masayuki.0927.ikeda@gmail.com", "password"=>"[FILTERED]", "remember_me"=>"1"}, "commit"=>"Login"}
  Rendering /Users/ikedamasayuki/.rbenv/versions/2.4.1/lib/ruby/gems/2.4.0/gems/activeadmin-2.2.0/app/views/active_admin/devise/sessions/new.html.erb within layouts/active_admin_logged_out
  Rendered /Users/ikedamasayuki/.rbenv/versions/2.4.1/lib/ruby/gems/2.4.0/gems/activeadmin-2.2.0/app/views/active_admin/devise/shared/_links.erb (1.3ms)
  Rendered /Users/ikedamasayuki/.rbenv/versions/2.4.1/lib/ruby/gems/2.4.0/gems/activeadmin-2.2.0/app/views/active_admin/devise/sessions/new.html.erb within layouts/active_admin_logged_out (27.9ms)
Completed 200 OK in 351ms (Views: 212.6ms | ActiveRecord: 0.0ms)


Started GET "/admin" for ::1 at 2019-07-28 19:29:59 +0900
Processing by Admin::DashboardController#index as HTML
Completed 401 Unauthorized in 1ms (ActiveRecord: 0.0ms)


Started GET "/admin/login" for ::1 at 2019-07-28 19:29:59 +0900
Processing by ActiveAdmin::Devise::SessionsController#new as HTML
  Rendering /Users/ikedamasayuki/.rbenv/versions/2.4.1/lib/ruby/gems/2.4.0/gems/activeadmin-2.2.0/app/views/active_admin/devise/sessions/new.html.erb within layouts/active_admin_logged_out
  Rendered /Users/ikedamasayuki/.rbenv/versions/2.4.1/lib/ruby/gems/2.4.0/gems/activeadmin-2.2.0/app/views/active_admin/devise/shared/_links.erb (1.6ms)
  Rendered /Users/ikedamasayuki/.rbenv/versions/2.4.1/lib/ruby/gems/2.4.0/gems/activeadmin-2.2.0/app/views/active_admin/devise/sessions/new.html.erb within layouts/active_admin_logged_out (53.3ms)
Completed 200 OK in 441ms (Views: 440.0ms | ActiveRecord: 0.0ms)


Started POST "/admin/login" for ::1 at 2019-07-28 19:30:07 +0900
Processing by ActiveAdmin::Devise::SessionsController#create as HTML
  Parameters: {"utf8"=>"âœ“", "authenticity_token"=>"pfa5GPNq0MgKhqswNiXkmk6F/Bz79PCN8P/zmWZlCDXmFCDZG1U65ygxBwnk0uvpXe0Jr2Ev57khUFJMPf0Fgg==", "admin_user"=>{"email"=>"masayuki.0927.ikeda@gmail.com", "password"=>"[FILTERED]", "remember_me"=>"0"}, "commit"=>"Login"}
  [1m[36mAdminUser Load (0.3ms)[0m  [1m[34mSELECT  "admin_users".* FROM "admin_users" WHERE "admin_users"."email" = ? ORDER BY "admin_users"."id" ASC LIMIT ?[0m  [["email", "masayuki.0927.ikeda@gmail.com"], ["LIMIT", 1]]
  â†³ /Users/ikedamasayuki/.rbenv/versions/2.4.1/lib/ruby/gems/2.4.0/gems/activerecord-5.2.3/lib/active_record/log_subscriber.rb:98
Completed 401 Unauthorized in 3ms (ActiveRecord: 0.3ms)


Processing by ActiveAdmin::Devise::SessionsController#new as HTML
  Parameters: {"utf8"=>"âœ“", "authenticity_token"=>"pfa5GPNq0MgKhqswNiXkmk6F/Bz79PCN8P/zmWZlCDXmFCDZG1U65ygxBwnk0uvpXe0Jr2Ev57khUFJMPf0Fgg==", "admin_user"=>{"email"=>"masayuki.0927.ikeda@gmail.com", "password"=>"[FILTERED]", "remember_me"=>"0"}, "commit"=>"Login"}
  Rendering /Users/ikedamasayuki/.rbenv/versions/2.4.1/lib/ruby/gems/2.4.0/gems/activeadmin-2.2.0/app/views/active_admin/devise/sessions/new.html.erb within layouts/active_admin_logged_out
  Rendered /Users/ikedamasayuki/.rbenv/versions/2.4.1/lib/ruby/gems/2.4.0/gems/activeadmin-2.2.0/app/views/active_admin/devise/shared/_links.erb (1.1ms)
  Rendered /Users/ikedamasayuki/.rbenv/versions/2.4.1/lib/ruby/gems/2.4.0/gems/activeadmin-2.2.0/app/views/active_admin/devise/sessions/new.html.erb within layouts/active_admin_logged_out (29.0ms)
Completed 200 OK in 325ms (Views: 184.9ms | ActiveRecord: 0.0ms)


Started POST "/admin/login" for ::1 at 2019-07-28 19:30:11 +0900
Processing by ActiveAdmin::Devise::SessionsController#create as HTML
  Parameters: {"utf8"=>"âœ“", "authenticity_token"=>"e4TNabkOaLXj5bA4QbHjVU8UAfZOrAHiU8zX/5/xAHA4ZlSoUTGCmsFSHAGTRuwmXHz0RdR3FtaCY3YqxGkNxw==", "admin_user"=>{"email"=>"masayuki.0927.ikeda@gmail.com", "password"=>"[FILTERED]", "remember_me"=>"0"}, "commit"=>"Login"}
  [1m[36mAdminUser Load (0.3ms)[0m  [1m[34mSELECT  "admin_users".* FROM "admin_users" WHERE "admin_users"."email" = ? ORDER BY "admin_users"."id" ASC LIMIT ?[0m  [["email", "masayuki.0927.ikeda@gmail.com"], ["LIMIT", 1]]
  â†³ /Users/ikedamasayuki/.rbenv/versions/2.4.1/lib/ruby/gems/2.4.0/gems/activerecord-5.2.3/lib/active_record/log_subscriber.rb:98
Completed 401 Unauthorized in 5ms (ActiveRecord: 0.3ms)


Processing by ActiveAdmin::Devise::SessionsController#new as HTML
  Parameters: {"utf8"=>"âœ“", "authenticity_token"=>"e4TNabkOaLXj5bA4QbHjVU8UAfZOrAHiU8zX/5/xAHA4ZlSoUTGCmsFSHAGTRuwmXHz0RdR3FtaCY3YqxGkNxw==", "admin_user"=>{"email"=>"masayuki.0927.ikeda@gmail.com", "password"=>"[FILTERED]", "remember_me"=>"0"}, "commit"=>"Login"}
  Rendering /Users/ikedamasayuki/.rbenv/versions/2.4.1/lib/ruby/gems/2.4.0/gems/activeadmin-2.2.0/app/views/active_admin/devise/sessions/new.html.erb within layouts/active_admin_logged_out
  Rendered /Users/ikedamasayuki/.rbenv/versions/2.4.1/lib/ruby/gems/2.4.0/gems/activeadmin-2.2.0/app/views/active_admin/devise/shared/_links.erb (1.0ms)
  Rendered /Users/ikedamasayuki/.rbenv/versions/2.4.1/lib/ruby/gems/2.4.0/gems/activeadmin-2.2.0/app/views/active_admin/devise/sessions/new.html.erb within layouts/active_admin_logged_out (31.0ms)
Completed 200 OK in 377ms (Views: 242.2ms | ActiveRecord: 0.0ms)


